2023-10-30T04:43:27.3370826+07:00 [INF] (Microsoft.EntityFrameworkCore.Database.Command) Executed DbCommand ("21"ms) [Parameters=[""], CommandType='Text', CommandTimeout='1200']"
""SELECT 1"
2023-10-30T04:43:27.5216797+07:00 [INF] (Microsoft.EntityFrameworkCore.Database.Command) Executed DbCommand ("96"ms) [Parameters=[""], CommandType='Text', CommandTimeout='1200']"
""SELECT OBJECT_ID(N'[__EFMigrationsHistory]');"
2023-10-30T04:43:27.5254238+07:00 [INF] (Microsoft.EntityFrameworkCore.Database.Command) Executed DbCommand ("1"ms) [Parameters=[""], CommandType='Text', CommandTimeout='1200']"
""SELECT 1"
2023-10-30T04:43:27.5263429+07:00 [INF] (Microsoft.EntityFrameworkCore.Database.Command) Executed DbCommand ("1"ms) [Parameters=[""], CommandType='Text', CommandTimeout='1200']"
""SELECT OBJECT_ID(N'[__EFMigrationsHistory]');"
2023-10-30T04:43:27.5642198+07:00 [INF] (Microsoft.EntityFrameworkCore.Database.Command) Executed DbCommand ("5"ms) [Parameters=[""], CommandType='Text', CommandTimeout='1200']"
""SELECT [MigrationId], [ProductVersion]
FROM [__EFMigrationsHistory]
ORDER BY [MigrationId];"
2023-10-30T04:43:27.5989523+07:00 [INF] (Microsoft.EntityFrameworkCore.Migrations) Applying migration '"20231029214250_AddPhatSinh"'.
2023-10-30T04:43:27.8182152+07:00 [INF] (Microsoft.EntityFrameworkCore.Database.Command) Executed DbCommand ("117"ms) [Parameters=[""], CommandType='Text', CommandTimeout='1200']"
""INSERT INTO [__EFMigrationsHistory] ([MigrationId], [ProductVersion])
VALUES (N'20231029214250_AddPhatSinh', N'7.0.9');"
2023-10-30T04:45:19.8734792+07:00 [INF] (Microsoft.EntityFrameworkCore.Database.Command) Executed DbCommand ("15"ms) [Parameters=[""], CommandType='Text', CommandTimeout='1200']"
""SELECT 1"
2023-10-30T04:45:20.0327954+07:00 [INF] (Microsoft.EntityFrameworkCore.Database.Command) Executed DbCommand ("123"ms) [Parameters=[""], CommandType='Text', CommandTimeout='1200']"
""SELECT OBJECT_ID(N'[__EFMigrationsHistory]');"
2023-10-30T04:45:20.0370282+07:00 [INF] (Microsoft.EntityFrameworkCore.Database.Command) Executed DbCommand ("2"ms) [Parameters=[""], CommandType='Text', CommandTimeout='1200']"
""SELECT 1"
2023-10-30T04:45:20.0378206+07:00 [INF] (Microsoft.EntityFrameworkCore.Database.Command) Executed DbCommand ("0"ms) [Parameters=[""], CommandType='Text', CommandTimeout='1200']"
""SELECT OBJECT_ID(N'[__EFMigrationsHistory]');"
2023-10-30T04:45:20.0937540+07:00 [INF] (Microsoft.EntityFrameworkCore.Database.Command) Executed DbCommand ("41"ms) [Parameters=[""], CommandType='Text', CommandTimeout='1200']"
""SELECT [MigrationId], [ProductVersion]
FROM [__EFMigrationsHistory]
ORDER BY [MigrationId];"
2023-10-30T04:45:20.1124358+07:00 [INF] (Microsoft.EntityFrameworkCore.Migrations) Applying migration '"20231029214505_AddKeyPhatSinh"'.
2023-10-30T04:45:20.1891894+07:00 [INF] (Microsoft.EntityFrameworkCore.Database.Command) Executed DbCommand ("15"ms) [Parameters=[""], CommandType='Text', CommandTimeout='1200']"
""INSERT INTO [__EFMigrationsHistory] ([MigrationId], [ProductVersion])
VALUES (N'20231029214505_AddKeyPhatSinh', N'7.0.9');"
2023-10-30T04:49:53.1518322+07:00 [INF] (Microsoft.EntityFrameworkCore.Database.Command) Executed DbCommand ("244"ms) [Parameters=[""], CommandType='Text', CommandTimeout='1200']"
""CREATE DATABASE [DB_WeddingRestaurant];"
2023-10-30T04:49:53.2170073+07:00 [INF] (Microsoft.EntityFrameworkCore.Database.Command) Executed DbCommand ("36"ms) [Parameters=[""], CommandType='Text', CommandTimeout='1200']"
""IF SERVERPROPERTY('EngineEdition') <> 5
BEGIN
    ALTER DATABASE [DB_WeddingRestaurant] SET READ_COMMITTED_SNAPSHOT ON;
END;"
2023-10-30T04:49:53.2359051+07:00 [INF] (Microsoft.EntityFrameworkCore.Database.Command) Executed DbCommand ("9"ms) [Parameters=[""], CommandType='Text', CommandTimeout='1200']"
""SELECT 1"
2023-10-30T04:49:53.3249852+07:00 [INF] (Microsoft.EntityFrameworkCore.Database.Command) Executed DbCommand ("9"ms) [Parameters=[""], CommandType='Text', CommandTimeout='1200']"
""CREATE TABLE [__EFMigrationsHistory] (
    [MigrationId] nvarchar(150) NOT NULL,
    [ProductVersion] nvarchar(32) NOT NULL,
    CONSTRAINT [PK___EFMigrationsHistory] PRIMARY KEY ([MigrationId])
);"
2023-10-30T04:49:53.3265129+07:00 [INF] (Microsoft.EntityFrameworkCore.Database.Command) Executed DbCommand ("0"ms) [Parameters=[""], CommandType='Text', CommandTimeout='1200']"
""SELECT 1"
2023-10-30T04:49:53.3437949+07:00 [INF] (Microsoft.EntityFrameworkCore.Database.Command) Executed DbCommand ("13"ms) [Parameters=[""], CommandType='Text', CommandTimeout='1200']"
""SELECT OBJECT_ID(N'[__EFMigrationsHistory]');"
2023-10-30T04:49:53.3487284+07:00 [INF] (Microsoft.EntityFrameworkCore.Database.Command) Executed DbCommand ("2"ms) [Parameters=[""], CommandType='Text', CommandTimeout='1200']"
""SELECT [MigrationId], [ProductVersion]
FROM [__EFMigrationsHistory]
ORDER BY [MigrationId];"
2023-10-30T04:49:53.3628705+07:00 [INF] (Microsoft.EntityFrameworkCore.Migrations) Applying migration '"20231018173925_Update"'.
2023-10-30T04:49:53.4385089+07:00 [INF] (Microsoft.EntityFrameworkCore.Database.Command) Executed DbCommand ("4"ms) [Parameters=[""], CommandType='Text', CommandTimeout='1200']"
""CREATE TABLE [DichVu] (
    [MaDichVu] nvarchar(450) NOT NULL,
    [TenDichVu] nvarchar(max) NOT NULL,
    [DonGiaDichVu] float NOT NULL,
    [Id] nvarchar(max) NOT NULL,
    [CreatedBy] nvarchar(max) NULL,
    [LastUpdatedBy] nvarchar(max) NULL,
    [DeletedBy] nvarchar(max) NULL,
    [CreatedTime] datetimeoffset NULL,
    [LastUpdatedTime] datetimeoffset NULL,
    [DeletedTime] datetimeoffset NULL,
    CONSTRAINT [PK_DichVu] PRIMARY KEY ([MaDichVu])
);"
2023-10-30T04:49:53.4409365+07:00 [INF] (Microsoft.EntityFrameworkCore.Database.Command) Executed DbCommand ("2"ms) [Parameters=[""], CommandType='Text', CommandTimeout='1200']"
""CREATE TABLE [KhachHang] (
    [MaKhachHang] nvarchar(450) NOT NULL,
    [TenKhachHang] nvarchar(max) NOT NULL,
    [SoDienThoai] nvarchar(max) NOT NULL,
    [NgaySinh] nvarchar(max) NOT NULL,
    [CCCD] nvarchar(max) NOT NULL,
    [Gmail] nvarchar(max) NOT NULL,
    [Id] nvarchar(max) NOT NULL,
    [CreatedBy] nvarchar(max) NULL,
    [LastUpdatedBy] nvarchar(max) NULL,
    [DeletedBy] nvarchar(max) NULL,
    [CreatedTime] datetimeoffset NULL,
    [LastUpdatedTime] datetimeoffset NULL,
    [DeletedTime] datetimeoffset NULL,
    CONSTRAINT [PK_KhachHang] PRIMARY KEY ([MaKhachHang])
);"
2023-10-30T04:49:53.4431237+07:00 [INF] (Microsoft.EntityFrameworkCore.Database.Command) Executed DbCommand ("2"ms) [Parameters=[""], CommandType='Text', CommandTimeout='1200']"
""CREATE TABLE [KhuyenMai] (
    [MaKM] nvarchar(450) NOT NULL,
    [DieuKien] nvarchar(max) NOT NULL,
    [GiaTri] float NOT NULL,
    [MoTa] nvarchar(max) NOT NULL,
    [Id] nvarchar(max) NOT NULL,
    [CreatedBy] nvarchar(max) NULL,
    [LastUpdatedBy] nvarchar(max) NULL,
    [DeletedBy] nvarchar(max) NULL,
    [CreatedTime] datetimeoffset NULL,
    [LastUpdatedTime] datetimeoffset NULL,
    [DeletedTime] datetimeoffset NULL,
    CONSTRAINT [PK_KhuyenMai] PRIMARY KEY ([MaKM])
);"
2023-10-30T04:49:53.4446791+07:00 [INF] (Microsoft.EntityFrameworkCore.Database.Command) Executed DbCommand ("1"ms) [Parameters=[""], CommandType='Text', CommandTimeout='1200']"
""CREATE TABLE [LoaiMonAn] (
    [MaLoaiMon] nvarchar(450) NOT NULL,
    [TenLoaiMon] nvarchar(max) NOT NULL,
    [Id] nvarchar(max) NOT NULL,
    [CreatedBy] nvarchar(max) NULL,
    [LastUpdatedBy] nvarchar(max) NULL,
    [DeletedBy] nvarchar(max) NULL,
    [CreatedTime] datetimeoffset NULL,
    [LastUpdatedTime] datetimeoffset NULL,
    [DeletedTime] datetimeoffset NULL,
    CONSTRAINT [PK_LoaiMonAn] PRIMARY KEY ([MaLoaiMon])
);"
2023-10-30T04:49:53.4459606+07:00 [INF] (Microsoft.EntityFrameworkCore.Database.Command) Executed DbCommand ("1"ms) [Parameters=[""], CommandType='Text', CommandTimeout='1200']"
""CREATE TABLE [LoaiNuoc] (
    [MaLoaiNuoc] nvarchar(450) NOT NULL,
    [TenLoaiNuoc] nvarchar(max) NOT NULL,
    [Id] nvarchar(max) NOT NULL,
    [CreatedBy] nvarchar(max) NULL,
    [LastUpdatedBy] nvarchar(max) NULL,
    [DeletedBy] nvarchar(max) NULL,
    [CreatedTime] datetimeoffset NULL,
    [LastUpdatedTime] datetimeoffset NULL,
    [DeletedTime] datetimeoffset NULL,
    CONSTRAINT [PK_LoaiNuoc] PRIMARY KEY ([MaLoaiNuoc])
);"
2023-10-30T04:49:53.4522989+07:00 [INF] (Microsoft.EntityFrameworkCore.Database.Command) Executed DbCommand ("6"ms) [Parameters=[""], CommandType='Text', CommandTimeout='1200']"
""CREATE TABLE [Menu] (
    [MaMenu] nvarchar(450) NOT NULL,
    [DonGiaMenu] float NOT NULL,
    [Id] nvarchar(max) NOT NULL,
    [CreatedBy] nvarchar(max) NULL,
    [LastUpdatedBy] nvarchar(max) NULL,
    [DeletedBy] nvarchar(max) NULL,
    [CreatedTime] datetimeoffset NULL,
    [LastUpdatedTime] datetimeoffset NULL,
    [DeletedTime] datetimeoffset NULL,
    CONSTRAINT [PK_Menu] PRIMARY KEY ([MaMenu])
);"
2023-10-30T04:49:53.4534606+07:00 [INF] (Microsoft.EntityFrameworkCore.Database.Command) Executed DbCommand ("1"ms) [Parameters=[""], CommandType='Text', CommandTimeout='1200']"
""CREATE TABLE [NguoiDung] (
    [userName] nvarchar(450) NOT NULL,
    [password] nvarchar(max) NOT NULL,
    [hoTen] nvarchar(max) NOT NULL,
    [sdt] nvarchar(max) NOT NULL,
    [email] nvarchar(max) NOT NULL,
    [Id] nvarchar(max) NOT NULL,
    [CreatedBy] nvarchar(max) NULL,
    [LastUpdatedBy] nvarchar(max) NULL,
    [DeletedBy] nvarchar(max) NULL,
    [CreatedTime] datetimeoffset NULL,
    [LastUpdatedTime] datetimeoffset NULL,
    [DeletedTime] datetimeoffset NULL,
    CONSTRAINT [PK_NguoiDung] PRIMARY KEY ([userName])
);"
2023-10-30T04:49:53.9834541+07:00 [INF] (Microsoft.EntityFrameworkCore.Database.Command) Executed DbCommand ("5"ms) [Parameters=[""], CommandType='Text', CommandTimeout='1200']"
""CREATE TABLE [Sanh] (
    [MaSanh] nvarchar(450) NOT NULL,
    [TenSanh] nvarchar(max) NOT NULL,
    [SucChucToiThieu] int NOT NULL,
    [SucChucToiDa] int NOT NULL,
    [Id] nvarchar(max) NOT NULL,
    [CreatedBy] nvarchar(max) NULL,
    [LastUpdatedBy] nvarchar(max) NULL,
    [DeletedBy] nvarchar(max) NULL,
    [CreatedTime] datetimeoffset NULL,
    [LastUpdatedTime] datetimeoffset NULL,
    [DeletedTime] datetimeoffset NULL,
    CONSTRAINT [PK_Sanh] PRIMARY KEY ([MaSanh])
);"
2023-10-30T04:49:53.9868004+07:00 [INF] (Microsoft.EntityFrameworkCore.Database.Command) Executed DbCommand ("3"ms) [Parameters=[""], CommandType='Text', CommandTimeout='1200']"
""CREATE TABLE [Token] (
    [Id] nvarchar(450) NOT NULL,
    [AccessToken] nvarchar(max) NOT NULL,
    [RefreshToken] nvarchar(max) NOT NULL,
    [CreatedBy] nvarchar(max) NULL,
    [LastUpdatedBy] nvarchar(max) NULL,
    [DeletedBy] nvarchar(max) NULL,
    [CreatedTime] datetimeoffset NULL,
    [LastUpdatedTime] datetimeoffset NULL,
    [DeletedTime] datetimeoffset NULL,
    CONSTRAINT [PK_Token] PRIMARY KEY ([Id])
);"
2023-10-30T04:49:54.0052694+07:00 [INF] (Microsoft.EntityFrameworkCore.Database.Command) Executed DbCommand ("18"ms) [Parameters=[""], CommandType='Text', CommandTimeout='1200']"
""CREATE TABLE [DatTiec] (
    [MaTiec] nvarchar(450) NOT NULL,
    [TenTiec] nvarchar(max) NOT NULL,
    [SoBan] int NOT NULL,
    [PhiDichVu] float NOT NULL,
    [NgayDatTiec] datetimeoffset NOT NULL,
    [NgayToChuc] datetimeoffset NOT NULL,
    [TrangThai] nvarchar(max) NOT NULL,
    [MaKhachHang] nvarchar(max) NOT NULL,
    [KhachHangsMaKhachHang] nvarchar(450) NOT NULL,
    [Id] nvarchar(max) NOT NULL,
    [CreatedBy] nvarchar(max) NULL,
    [LastUpdatedBy] nvarchar(max) NULL,
    [DeletedBy] nvarchar(max) NULL,
    [CreatedTime] datetimeoffset NULL,
    [LastUpdatedTime] datetimeoffset NULL,
    [DeletedTime] datetimeoffset NULL,
    CONSTRAINT [PK_DatTiec] PRIMARY KEY ([MaTiec]),
    CONSTRAINT [FK_DatTiec_KhachHang_KhachHangsMaKhachHang] FOREIGN KEY ([KhachHangsMaKhachHang]) REFERENCES [KhachHang] ([MaKhachHang]) ON DELETE CASCADE
);"
2023-10-30T04:49:54.0073173+07:00 [INF] (Microsoft.EntityFrameworkCore.Database.Command) Executed DbCommand ("2"ms) [Parameters=[""], CommandType='Text', CommandTimeout='1200']"
""CREATE TABLE [MonAn] (
    [MaMonAn] nvarchar(450) NOT NULL,
    [TenMonAn] nvarchar(max) NOT NULL,
    [DonGia] float NOT NULL,
    [DVT] nvarchar(max) NOT NULL,
    [MaLoaiMon] nvarchar(max) NOT NULL,
    [LoaiMonAnsMaLoaiMon] nvarchar(450) NULL,
    [Id] nvarchar(max) NOT NULL,
    [CreatedBy] nvarchar(max) NULL,
    [LastUpdatedBy] nvarchar(max) NULL,
    [DeletedBy] nvarchar(max) NULL,
    [CreatedTime] datetimeoffset NULL,
    [LastUpdatedTime] datetimeoffset NULL,
    [DeletedTime] datetimeoffset NULL,
    CONSTRAINT [PK_MonAn] PRIMARY KEY ([MaMonAn]),
    CONSTRAINT [FK_MonAn_LoaiMonAn_LoaiMonAnsMaLoaiMon] FOREIGN KEY ([LoaiMonAnsMaLoaiMon]) REFERENCES [LoaiMonAn] ([MaLoaiMon])
);"
2023-10-30T04:49:54.0109628+07:00 [INF] (Microsoft.EntityFrameworkCore.Database.Command) Executed DbCommand ("3"ms) [Parameters=[""], CommandType='Text', CommandTimeout='1200']"
""CREATE TABLE [Nuoc] (
    [MaNuoc] nvarchar(450) NOT NULL,
    [TenNuoc] nvarchar(max) NOT NULL,
    [DonGia] float NOT NULL,
    [DVT] nvarchar(max) NOT NULL,
    [MaLoaiNuoc] nvarchar(max) NOT NULL,
    [LoaiNuocsMaLoaiNuoc] nvarchar(450) NULL,
    [Id] nvarchar(max) NOT NULL,
    [CreatedBy] nvarchar(max) NULL,
    [LastUpdatedBy] nvarchar(max) NULL,
    [DeletedBy] nvarchar(max) NULL,
    [CreatedTime] datetimeoffset NULL,
    [LastUpdatedTime] datetimeoffset NULL,
    [DeletedTime] datetimeoffset NULL,
    CONSTRAINT [PK_Nuoc] PRIMARY KEY ([MaNuoc]),
    CONSTRAINT [FK_Nuoc_LoaiNuoc_LoaiNuocsMaLoaiNuoc] FOREIGN KEY ([LoaiNuocsMaLoaiNuoc]) REFERENCES [LoaiNuoc] ([MaLoaiNuoc])
);"
2023-10-30T04:49:54.0139386+07:00 [INF] (Microsoft.EntityFrameworkCore.Database.Command) Executed DbCommand ("3"ms) [Parameters=[""], CommandType='Text', CommandTimeout='1200']"
""CREATE TABLE [AccessToken] (
    [Id] nvarchar(450) NOT NULL,
    [Token] nvarchar(max) NOT NULL,
    [StrTokenId] nvarchar(450) NULL,
    [userName] nvarchar(450) NOT NULL,
    [IsUsed] bit NOT NULL,
    [IsRevoked] bit NOT NULL,
    [ExpireAt] datetime2 NOT NULL,
    [CreatedBy] nvarchar(max) NULL,
    [LastUpdatedBy] nvarchar(max) NULL,
    [DeletedBy] nvarchar(max) NULL,
    [CreatedTime] datetimeoffset NULL,
    [LastUpdatedTime] datetimeoffset NULL,
    [DeletedTime] datetimeoffset NULL,
    CONSTRAINT [PK_AccessToken] PRIMARY KEY ([Id]),
    CONSTRAINT [FK_AccessToken_NguoiDung_userName] FOREIGN KEY ([userName]) REFERENCES [NguoiDung] ([userName]) ON DELETE CASCADE,
    CONSTRAINT [FK_AccessToken_Token_StrTokenId] FOREIGN KEY ([StrTokenId]) REFERENCES [Token] ([Id])
);"
2023-10-30T04:49:57.3934274+07:00 [INF] (Microsoft.EntityFrameworkCore.Database.Command) Executed DbCommand ("6"ms) [Parameters=[""], CommandType='Text', CommandTimeout='1200']"
""CREATE TABLE [RefreshToken] (
    [Id] nvarchar(450) NOT NULL,
    [Token] nvarchar(max) NOT NULL,
    [StrTokenId] nvarchar(450) NULL,
    [userName] nvarchar(450) NOT NULL,
    [JwtID] nvarchar(max) NOT NULL,
    [IsUsed] bit NOT NULL,
    [IsRevoked] bit NOT NULL,
    [ExpireAt] datetime2 NOT NULL,
    [CreatedBy] nvarchar(max) NULL,
    [LastUpdatedBy] nvarchar(max) NULL,
    [DeletedBy] nvarchar(max) NULL,
    [CreatedTime] datetimeoffset NULL,
    [LastUpdatedTime] datetimeoffset NULL,
    [DeletedTime] datetimeoffset NULL,
    CONSTRAINT [PK_RefreshToken] PRIMARY KEY ([Id]),
    CONSTRAINT [FK_RefreshToken_NguoiDung_userName] FOREIGN KEY ([userName]) REFERENCES [NguoiDung] ([userName]) ON DELETE CASCADE,
    CONSTRAINT [FK_RefreshToken_Token_StrTokenId] FOREIGN KEY ([StrTokenId]) REFERENCES [Token] ([Id])
);"
2023-10-30T04:49:57.3984087+07:00 [INF] (Microsoft.EntityFrameworkCore.Database.Command) Executed DbCommand ("5"ms) [Parameters=[""], CommandType='Text', CommandTimeout='1200']"
""CREATE TABLE [ChiTietDichVu] (
    [MaTiec] nvarchar(450) NOT NULL,
    [MaDichVu] nvarchar(450) NOT NULL,
    [TongTien] float NOT NULL,
    [Id] nvarchar(max) NULL,
    [CreatedBy] nvarchar(max) NULL,
    [LastUpdatedBy] nvarchar(max) NULL,
    [DeletedBy] nvarchar(max) NULL,
    [CreatedTime] datetimeoffset NULL,
    [LastUpdatedTime] datetimeoffset NULL,
    [DeletedTime] datetimeoffset NULL,
    CONSTRAINT [PK_ChiTietDichVu] PRIMARY KEY ([MaTiec], [MaDichVu]),
    CONSTRAINT [FK_ChiTietDichVu_DatTiec_MaTiec] FOREIGN KEY ([MaTiec]) REFERENCES [DatTiec] ([MaTiec]) ON DELETE CASCADE,
    CONSTRAINT [FK_ChiTietDichVu_DichVu_MaDichVu] FOREIGN KEY ([MaDichVu]) REFERENCES [DichVu] ([MaDichVu]) ON DELETE CASCADE
);"
2023-10-30T04:49:57.4020118+07:00 [INF] (Microsoft.EntityFrameworkCore.Database.Command) Executed DbCommand ("3"ms) [Parameters=[""], CommandType='Text', CommandTimeout='1200']"
""CREATE TABLE [ChiTietMenu] (
    [MaTiec] nvarchar(450) NOT NULL,
    [MaMenu] nvarchar(450) NOT NULL,
    [SoLuongMenuBan] int NOT NULL,
    [TongTien] float NOT NULL,
    [Id] nvarchar(max) NULL,
    [CreatedBy] nvarchar(max) NULL,
    [LastUpdatedBy] nvarchar(max) NULL,
    [DeletedBy] nvarchar(max) NULL,
    [CreatedTime] datetimeoffset NULL,
    [LastUpdatedTime] datetimeoffset NULL,
    [DeletedTime] datetimeoffset NULL,
    CONSTRAINT [PK_ChiTietMenu] PRIMARY KEY ([MaTiec], [MaMenu]),
    CONSTRAINT [FK_ChiTietMenu_DatTiec_MaTiec] FOREIGN KEY ([MaTiec]) REFERENCES [DatTiec] ([MaTiec]) ON DELETE CASCADE,
    CONSTRAINT [FK_ChiTietMenu_Menu_MaMenu] FOREIGN KEY ([MaMenu]) REFERENCES [Menu] ([MaMenu]) ON DELETE CASCADE
);"
2023-10-30T04:49:57.5715392+07:00 [INF] (Microsoft.EntityFrameworkCore.Database.Command) Executed DbCommand ("169"ms) [Parameters=[""], CommandType='Text', CommandTimeout='1200']"
""CREATE TABLE [LichSanhTiec] (
    [MaTiec] nvarchar(450) NOT NULL,
    [MaSanh] nvarchar(450) NOT NULL,
    [NgayToChuc] datetimeoffset NOT NULL,
    [Ca] nvarchar(max) NOT NULL,
    [TrangThai] nvarchar(max) NOT NULL,
    [Id] nvarchar(max) NULL,
    [CreatedBy] nvarchar(max) NULL,
    [LastUpdatedBy] nvarchar(max) NULL,
    [DeletedBy] nvarchar(max) NULL,
    [CreatedTime] datetimeoffset NULL,
    [LastUpdatedTime] datetimeoffset NULL,
    [DeletedTime] datetimeoffset NULL,
    CONSTRAINT [PK_LichSanhTiec] PRIMARY KEY ([MaTiec], [MaSanh]),
    CONSTRAINT [FK_LichSanhTiec_DatTiec_MaTiec] FOREIGN KEY ([MaTiec]) REFERENCES [DatTiec] ([MaTiec]) ON DELETE CASCADE,
    CONSTRAINT [FK_LichSanhTiec_Sanh_MaSanh] FOREIGN KEY ([MaSanh]) REFERENCES [Sanh] ([MaSanh]) ON DELETE CASCADE
);"
2023-10-30T04:50:00.9536267+07:00 [INF] (Microsoft.EntityFrameworkCore.Database.Command) Executed DbCommand ("4"ms) [Parameters=[""], CommandType='Text', CommandTimeout='1200']"
""CREATE TABLE [SuDungKhuyenMai] (
    [MaTiec] nvarchar(450) NOT NULL,
    [MaKM] nvarchar(450) NOT NULL,
    [Id] nvarchar(max) NULL,
    [CreatedBy] nvarchar(max) NULL,
    [LastUpdatedBy] nvarchar(max) NULL,
    [DeletedBy] nvarchar(max) NULL,
    [CreatedTime] datetimeoffset NULL,
    [LastUpdatedTime] datetimeoffset NULL,
    [DeletedTime] datetimeoffset NULL,
    CONSTRAINT [PK_SuDungKhuyenMai] PRIMARY KEY ([MaTiec], [MaKM]),
    CONSTRAINT [FK_SuDungKhuyenMai_DatTiec_MaTiec] FOREIGN KEY ([MaTiec]) REFERENCES [DatTiec] ([MaTiec]) ON DELETE CASCADE,
    CONSTRAINT [FK_SuDungKhuyenMai_KhuyenMai_MaKM] FOREIGN KEY ([MaKM]) REFERENCES [KhuyenMai] ([MaKM]) ON DELETE CASCADE
);"
2023-10-30T04:50:00.9576973+07:00 [INF] (Microsoft.EntityFrameworkCore.Database.Command) Executed DbCommand ("4"ms) [Parameters=[""], CommandType='Text', CommandTimeout='1200']"
""CREATE TABLE [MonAnTrongMenu] (
    [MaMenu] nvarchar(450) NOT NULL,
    [MaMonAn] nvarchar(450) NOT NULL,
    [SoLuongMon] int NOT NULL,
    [DonGia] float NOT NULL,
    [Id] nvarchar(max) NULL,
    [CreatedBy] nvarchar(max) NULL,
    [LastUpdatedBy] nvarchar(max) NULL,
    [DeletedBy] nvarchar(max) NULL,
    [CreatedTime] datetimeoffset NULL,
    [LastUpdatedTime] datetimeoffset NULL,
    [DeletedTime] datetimeoffset NULL,
    CONSTRAINT [PK_MonAnTrongMenu] PRIMARY KEY ([MaMenu], [MaMonAn]),
    CONSTRAINT [FK_MonAnTrongMenu_Menu_MaMenu] FOREIGN KEY ([MaMenu]) REFERENCES [Menu] ([MaMenu]) ON DELETE CASCADE,
    CONSTRAINT [FK_MonAnTrongMenu_MonAn_MaMonAn] FOREIGN KEY ([MaMonAn]) REFERENCES [MonAn] ([MaMonAn]) ON DELETE CASCADE
);"
2023-10-30T04:50:00.9662109+07:00 [INF] (Microsoft.EntityFrameworkCore.Database.Command) Executed DbCommand ("8"ms) [Parameters=[""], CommandType='Text', CommandTimeout='1200']"
""CREATE TABLE [ChiTietNuocUong] (
    [MaTiec] nvarchar(450) NOT NULL,
    [MaNuoc] nvarchar(450) NOT NULL,
    [SoLuong] int NOT NULL,
    [TongTien] float NOT NULL,
    [Id] nvarchar(max) NULL,
    [CreatedBy] nvarchar(max) NULL,
    [LastUpdatedBy] nvarchar(max) NULL,
    [DeletedBy] nvarchar(max) NULL,
    [CreatedTime] datetimeoffset NULL,
    [LastUpdatedTime] datetimeoffset NULL,
    [DeletedTime] datetimeoffset NULL,
    CONSTRAINT [PK_ChiTietNuocUong] PRIMARY KEY ([MaTiec], [MaNuoc]),
    CONSTRAINT [FK_ChiTietNuocUong_DatTiec_MaTiec] FOREIGN KEY ([MaTiec]) REFERENCES [DatTiec] ([MaTiec]) ON DELETE CASCADE,
    CONSTRAINT [FK_ChiTietNuocUong_Nuoc_MaNuoc] FOREIGN KEY ([MaNuoc]) REFERENCES [Nuoc] ([MaNuoc]) ON DELETE CASCADE
);"
2023-10-30T04:50:00.9708344+07:00 [INF] (Microsoft.EntityFrameworkCore.Database.Command) Executed DbCommand ("4"ms) [Parameters=[""], CommandType='Text', CommandTimeout='1200']"
""CREATE INDEX [IX_AccessToken_StrTokenId] ON [AccessToken] ([StrTokenId]);"
2023-10-30T04:50:00.9721270+07:00 [INF] (Microsoft.EntityFrameworkCore.Database.Command) Executed DbCommand ("1"ms) [Parameters=[""], CommandType='Text', CommandTimeout='1200']"
""CREATE INDEX [IX_AccessToken_userName] ON [AccessToken] ([userName]);"
2023-10-30T04:50:00.9732135+07:00 [INF] (Microsoft.EntityFrameworkCore.Database.Command) Executed DbCommand ("1"ms) [Parameters=[""], CommandType='Text', CommandTimeout='1200']"
""CREATE INDEX [IX_ChiTietDichVu_MaDichVu] ON [ChiTietDichVu] ([MaDichVu]);"
2023-10-30T04:50:00.9742799+07:00 [INF] (Microsoft.EntityFrameworkCore.Database.Command) Executed DbCommand ("1"ms) [Parameters=[""], CommandType='Text', CommandTimeout='1200']"
""CREATE INDEX [IX_ChiTietMenu_MaMenu] ON [ChiTietMenu] ([MaMenu]);"
2023-10-30T04:50:00.9752799+07:00 [INF] (Microsoft.EntityFrameworkCore.Database.Command) Executed DbCommand ("1"ms) [Parameters=[""], CommandType='Text', CommandTimeout='1200']"
""CREATE INDEX [IX_ChiTietNuocUong_MaNuoc] ON [ChiTietNuocUong] ([MaNuoc]);"
2023-10-30T04:50:00.9763757+07:00 [INF] (Microsoft.EntityFrameworkCore.Database.Command) Executed DbCommand ("1"ms) [Parameters=[""], CommandType='Text', CommandTimeout='1200']"
""CREATE INDEX [IX_DatTiec_KhachHangsMaKhachHang] ON [DatTiec] ([KhachHangsMaKhachHang]);"
2023-10-30T04:50:00.9773729+07:00 [INF] (Microsoft.EntityFrameworkCore.Database.Command) Executed DbCommand ("1"ms) [Parameters=[""], CommandType='Text', CommandTimeout='1200']"
""CREATE INDEX [IX_LichSanhTiec_MaSanh] ON [LichSanhTiec] ([MaSanh]);"
2023-10-30T04:50:00.9790730+07:00 [INF] (Microsoft.EntityFrameworkCore.Database.Command) Executed DbCommand ("2"ms) [Parameters=[""], CommandType='Text', CommandTimeout='1200']"
""CREATE INDEX [IX_MonAn_LoaiMonAnsMaLoaiMon] ON [MonAn] ([LoaiMonAnsMaLoaiMon]);"
2023-10-30T04:50:00.9800996+07:00 [INF] (Microsoft.EntityFrameworkCore.Database.Command) Executed DbCommand ("1"ms) [Parameters=[""], CommandType='Text', CommandTimeout='1200']"
""CREATE INDEX [IX_MonAnTrongMenu_MaMonAn] ON [MonAnTrongMenu] ([MaMonAn]);"
2023-10-30T04:50:03.6290465+07:00 [INF] (Microsoft.EntityFrameworkCore.Database.Command) Executed DbCommand ("2"ms) [Parameters=[""], CommandType='Text', CommandTimeout='1200']"
""CREATE INDEX [IX_Nuoc_LoaiNuocsMaLoaiNuoc] ON [Nuoc] ([LoaiNuocsMaLoaiNuoc]);"
2023-10-30T04:50:03.6301669+07:00 [INF] (Microsoft.EntityFrameworkCore.Database.Command) Executed DbCommand ("1"ms) [Parameters=[""], CommandType='Text', CommandTimeout='1200']"
""CREATE INDEX [IX_RefreshToken_StrTokenId] ON [RefreshToken] ([StrTokenId]);"
2023-10-30T04:50:03.6312350+07:00 [INF] (Microsoft.EntityFrameworkCore.Database.Command) Executed DbCommand ("1"ms) [Parameters=[""], CommandType='Text', CommandTimeout='1200']"
""CREATE INDEX [IX_RefreshToken_userName] ON [RefreshToken] ([userName]);"
2023-10-30T04:50:03.6326649+07:00 [INF] (Microsoft.EntityFrameworkCore.Database.Command) Executed DbCommand ("1"ms) [Parameters=[""], CommandType='Text', CommandTimeout='1200']"
""CREATE INDEX [IX_SuDungKhuyenMai_MaKM] ON [SuDungKhuyenMai] ([MaKM]);"
2023-10-30T04:50:03.6363785+07:00 [INF] (Microsoft.EntityFrameworkCore.Database.Command) Executed DbCommand ("4"ms) [Parameters=[""], CommandType='Text', CommandTimeout='1200']"
""INSERT INTO [__EFMigrationsHistory] ([MigrationId], [ProductVersion])
VALUES (N'20231018173925_Update', N'7.0.9');"
2023-10-30T04:50:03.6454566+07:00 [INF] (Microsoft.EntityFrameworkCore.Migrations) Applying migration '"20231018181855_UpdateDB"'.
2023-10-30T04:50:03.6857977+07:00 [INF] (Microsoft.EntityFrameworkCore.Database.Command) Executed DbCommand ("13"ms) [Parameters=[""], CommandType='Text', CommandTimeout='1200']"
""ALTER TABLE [NguoiDung] ADD [quyen] nvarchar(max) NOT NULL DEFAULT N'';"
2023-10-30T04:50:03.6865622+07:00 [INF] (Microsoft.EntityFrameworkCore.Database.Command) Executed DbCommand ("1"ms) [Parameters=[""], CommandType='Text', CommandTimeout='1200']"
""INSERT INTO [__EFMigrationsHistory] ([MigrationId], [ProductVersion])
VALUES (N'20231018181855_UpdateDB', N'7.0.9');"
2023-10-30T04:50:03.6871519+07:00 [INF] (Microsoft.EntityFrameworkCore.Migrations) Applying migration '"20231018225253_UpdateDB2"'.
2023-10-30T04:50:03.7128529+07:00 [INF] (Microsoft.EntityFrameworkCore.Database.Command) Executed DbCommand ("2"ms) [Parameters=[""], CommandType='Text', CommandTimeout='1200']"
""ALTER TABLE [DatTiec] DROP CONSTRAINT [FK_DatTiec_KhachHang_KhachHangsMaKhachHang];"
2023-10-30T04:50:06.6300650+07:00 [INF] (Microsoft.EntityFrameworkCore.Database.Command) Executed DbCommand ("2,917"ms) [Parameters=[""], CommandType='Text', CommandTimeout='1200']"
""DECLARE @var0 sysname;
SELECT @var0 = [d].[name]
FROM [sys].[default_constraints] [d]
INNER JOIN [sys].[columns] [c] ON [d].[parent_column_id] = [c].[column_id] AND [d].[parent_object_id] = [c].[object_id]
WHERE ([d].[parent_object_id] = OBJECT_ID(N'[DatTiec]') AND [c].[name] = N'KhachHangsMaKhachHang');
IF @var0 IS NOT NULL EXEC(N'ALTER TABLE [DatTiec] DROP CONSTRAINT [' + @var0 + '];');
ALTER TABLE [DatTiec] ALTER COLUMN [KhachHangsMaKhachHang] nvarchar(450) NULL;"
2023-10-30T04:50:06.6322904+07:00 [INF] (Microsoft.EntityFrameworkCore.Database.Command) Executed DbCommand ("2"ms) [Parameters=[""], CommandType='Text', CommandTimeout='1200']"
""ALTER TABLE [DatTiec] ADD CONSTRAINT [FK_DatTiec_KhachHang_KhachHangsMaKhachHang] FOREIGN KEY ([KhachHangsMaKhachHang]) REFERENCES [KhachHang] ([MaKhachHang]);"
2023-10-30T04:50:06.6340257+07:00 [INF] (Microsoft.EntityFrameworkCore.Database.Command) Executed DbCommand ("2"ms) [Parameters=[""], CommandType='Text', CommandTimeout='1200']"
""INSERT INTO [__EFMigrationsHistory] ([MigrationId], [ProductVersion])
VALUES (N'20231018225253_UpdateDB2', N'7.0.9');"
2023-10-30T04:50:06.6346031+07:00 [INF] (Microsoft.EntityFrameworkCore.Migrations) Applying migration '"20231029214250_AddPhatSinh"'.
2023-10-30T04:50:06.6541521+07:00 [INF] (Microsoft.EntityFrameworkCore.Database.Command) Executed DbCommand ("0"ms) [Parameters=[""], CommandType='Text', CommandTimeout='1200']"
""INSERT INTO [__EFMigrationsHistory] ([MigrationId], [ProductVersion])
VALUES (N'20231029214250_AddPhatSinh', N'7.0.9');"
2023-10-30T04:50:06.6547106+07:00 [INF] (Microsoft.EntityFrameworkCore.Migrations) Applying migration '"20231029214505_AddKeyPhatSinh"'.
2023-10-30T04:50:06.6706929+07:00 [INF] (Microsoft.EntityFrameworkCore.Database.Command) Executed DbCommand ("0"ms) [Parameters=[""], CommandType='Text', CommandTimeout='1200']"
""INSERT INTO [__EFMigrationsHistory] ([MigrationId], [ProductVersion])
VALUES (N'20231029214505_AddKeyPhatSinh', N'7.0.9');"
2023-10-30T04:50:06.6711670+07:00 [INF] (Microsoft.EntityFrameworkCore.Migrations) Applying migration '"20231029214943_AddDB"'.
2023-10-30T04:50:06.6875622+07:00 [INF] (Microsoft.EntityFrameworkCore.Database.Command) Executed DbCommand ("1"ms) [Parameters=[""], CommandType='Text', CommandTimeout='1200']"
""ALTER TABLE [KhachHang] ADD [LoaiKH] nvarchar(max) NULL;"
2023-10-30T04:50:06.6878961+07:00 [INF] (Microsoft.EntityFrameworkCore.Database.Command) Executed DbCommand ("0"ms) [Parameters=[""], CommandType='Text', CommandTimeout='1200']"
""INSERT INTO [__EFMigrationsHistory] ([MigrationId], [ProductVersion])
VALUES (N'20231029214943_AddDB', N'7.0.9');"
2023-10-30T04:58:29.0222373+07:00 [INF] (Microsoft.EntityFrameworkCore.Database.Command) Executed DbCommand ("527"ms) [Parameters=[""], CommandType='Text', CommandTimeout='1200']"
""CREATE DATABASE [DB_WeddingRestaurant];"
2023-10-30T04:58:29.0840673+07:00 [INF] (Microsoft.EntityFrameworkCore.Database.Command) Executed DbCommand ("30"ms) [Parameters=[""], CommandType='Text', CommandTimeout='1200']"
""IF SERVERPROPERTY('EngineEdition') <> 5
BEGIN
    ALTER DATABASE [DB_WeddingRestaurant] SET READ_COMMITTED_SNAPSHOT ON;
END;"
2023-10-30T04:58:29.1005436+07:00 [INF] (Microsoft.EntityFrameworkCore.Database.Command) Executed DbCommand ("6"ms) [Parameters=[""], CommandType='Text', CommandTimeout='1200']"
""SELECT 1"
2023-10-30T04:58:29.4807458+07:00 [INF] (Microsoft.EntityFrameworkCore.Database.Command) Executed DbCommand ("314"ms) [Parameters=[""], CommandType='Text', CommandTimeout='1200']"
""CREATE TABLE [__EFMigrationsHistory] (
    [MigrationId] nvarchar(150) NOT NULL,
    [ProductVersion] nvarchar(32) NOT NULL,
    CONSTRAINT [PK___EFMigrationsHistory] PRIMARY KEY ([MigrationId])
);"
2023-10-30T04:58:29.4832764+07:00 [INF] (Microsoft.EntityFrameworkCore.Database.Command) Executed DbCommand ("1"ms) [Parameters=[""], CommandType='Text', CommandTimeout='1200']"
""SELECT 1"
2023-10-30T04:58:29.5154441+07:00 [INF] (Microsoft.EntityFrameworkCore.Database.Command) Executed DbCommand ("24"ms) [Parameters=[""], CommandType='Text', CommandTimeout='1200']"
""SELECT OBJECT_ID(N'[__EFMigrationsHistory]');"
2023-10-30T04:58:29.5210389+07:00 [INF] (Microsoft.EntityFrameworkCore.Database.Command) Executed DbCommand ("2"ms) [Parameters=[""], CommandType='Text', CommandTimeout='1200']"
""SELECT [MigrationId], [ProductVersion]
FROM [__EFMigrationsHistory]
ORDER BY [MigrationId];"
2023-10-30T04:58:29.5386226+07:00 [INF] (Microsoft.EntityFrameworkCore.Migrations) Applying migration '"20231029215822_AddDB"'.
2023-10-30T04:58:29.6827411+07:00 [INF] (Microsoft.EntityFrameworkCore.Database.Command) Executed DbCommand ("76"ms) [Parameters=[""], CommandType='Text', CommandTimeout='1200']"
""CREATE TABLE [DichVu] (
    [MaDichVu] nvarchar(450) NOT NULL,
    [TenDichVu] nvarchar(max) NOT NULL,
    [DonGiaDichVu] float NOT NULL,
    [Id] nvarchar(max) NOT NULL,
    [CreatedBy] nvarchar(max) NULL,
    [LastUpdatedBy] nvarchar(max) NULL,
    [DeletedBy] nvarchar(max) NULL,
    [CreatedTime] datetimeoffset NULL,
    [LastUpdatedTime] datetimeoffset NULL,
    [DeletedTime] datetimeoffset NULL,
    CONSTRAINT [PK_DichVu] PRIMARY KEY ([MaDichVu])
);"
2023-10-30T04:58:29.7001278+07:00 [INF] (Microsoft.EntityFrameworkCore.Database.Command) Executed DbCommand ("17"ms) [Parameters=[""], CommandType='Text', CommandTimeout='1200']"
""CREATE TABLE [KhachHang] (
    [MaKhachHang] nvarchar(450) NOT NULL,
    [TenKhachHang] nvarchar(max) NOT NULL,
    [SoDienThoai] nvarchar(max) NOT NULL,
    [NgaySinh] nvarchar(max) NOT NULL,
    [CCCD] nvarchar(max) NOT NULL,
    [Gmail] nvarchar(max) NOT NULL,
    [LoaiKH] nvarchar(max) NULL,
    [Id] nvarchar(max) NOT NULL,
    [CreatedBy] nvarchar(max) NULL,
    [LastUpdatedBy] nvarchar(max) NULL,
    [DeletedBy] nvarchar(max) NULL,
    [CreatedTime] datetimeoffset NULL,
    [LastUpdatedTime] datetimeoffset NULL,
    [DeletedTime] datetimeoffset NULL,
    CONSTRAINT [PK_KhachHang] PRIMARY KEY ([MaKhachHang])
);"
2023-10-30T04:58:29.7308032+07:00 [INF] (Microsoft.EntityFrameworkCore.Database.Command) Executed DbCommand ("30"ms) [Parameters=[""], CommandType='Text', CommandTimeout='1200']"
""CREATE TABLE [KhuyenMai] (
    [MaKM] nvarchar(450) NOT NULL,
    [DieuKien] nvarchar(max) NOT NULL,
    [GiaTri] float NOT NULL,
    [MoTa] nvarchar(max) NOT NULL,
    [Id] nvarchar(max) NOT NULL,
    [CreatedBy] nvarchar(max) NULL,
    [LastUpdatedBy] nvarchar(max) NULL,
    [DeletedBy] nvarchar(max) NULL,
    [CreatedTime] datetimeoffset NULL,
    [LastUpdatedTime] datetimeoffset NULL,
    [DeletedTime] datetimeoffset NULL,
    CONSTRAINT [PK_KhuyenMai] PRIMARY KEY ([MaKM])
);"
2023-10-30T04:58:29.7328337+07:00 [INF] (Microsoft.EntityFrameworkCore.Database.Command) Executed DbCommand ("2"ms) [Parameters=[""], CommandType='Text', CommandTimeout='1200']"
""CREATE TABLE [LoaiMonAn] (
    [MaLoaiMon] nvarchar(450) NOT NULL,
    [TenLoaiMon] nvarchar(max) NOT NULL,
    [Id] nvarchar(max) NOT NULL,
    [CreatedBy] nvarchar(max) NULL,
    [LastUpdatedBy] nvarchar(max) NULL,
    [DeletedBy] nvarchar(max) NULL,
    [CreatedTime] datetimeoffset NULL,
    [LastUpdatedTime] datetimeoffset NULL,
    [DeletedTime] datetimeoffset NULL,
    CONSTRAINT [PK_LoaiMonAn] PRIMARY KEY ([MaLoaiMon])
);"
2023-10-30T04:58:29.7347661+07:00 [INF] (Microsoft.EntityFrameworkCore.Database.Command) Executed DbCommand ("2"ms) [Parameters=[""], CommandType='Text', CommandTimeout='1200']"
""CREATE TABLE [LoaiNuoc] (
    [MaLoaiNuoc] nvarchar(450) NOT NULL,
    [TenLoaiNuoc] nvarchar(max) NOT NULL,
    [Id] nvarchar(max) NOT NULL,
    [CreatedBy] nvarchar(max) NULL,
    [LastUpdatedBy] nvarchar(max) NULL,
    [DeletedBy] nvarchar(max) NULL,
    [CreatedTime] datetimeoffset NULL,
    [LastUpdatedTime] datetimeoffset NULL,
    [DeletedTime] datetimeoffset NULL,
    CONSTRAINT [PK_LoaiNuoc] PRIMARY KEY ([MaLoaiNuoc])
);"
2023-10-30T04:58:29.7920989+07:00 [INF] (Microsoft.EntityFrameworkCore.Database.Command) Executed DbCommand ("57"ms) [Parameters=[""], CommandType='Text', CommandTimeout='1200']"
""CREATE TABLE [Menu] (
    [MaMenu] nvarchar(450) NOT NULL,
    [DonGiaMenu] float NOT NULL,
    [Id] nvarchar(max) NOT NULL,
    [CreatedBy] nvarchar(max) NULL,
    [LastUpdatedBy] nvarchar(max) NULL,
    [DeletedBy] nvarchar(max) NULL,
    [CreatedTime] datetimeoffset NULL,
    [LastUpdatedTime] datetimeoffset NULL,
    [DeletedTime] datetimeoffset NULL,
    CONSTRAINT [PK_Menu] PRIMARY KEY ([MaMenu])
);"
2023-10-30T04:58:29.7942491+07:00 [INF] (Microsoft.EntityFrameworkCore.Database.Command) Executed DbCommand ("2"ms) [Parameters=[""], CommandType='Text', CommandTimeout='1200']"
""CREATE TABLE [NguoiDung] (
    [userName] nvarchar(450) NOT NULL,
    [password] nvarchar(max) NOT NULL,
    [quyen] nvarchar(max) NOT NULL,
    [hoTen] nvarchar(max) NOT NULL,
    [sdt] nvarchar(max) NOT NULL,
    [email] nvarchar(max) NOT NULL,
    [Id] nvarchar(max) NOT NULL,
    [CreatedBy] nvarchar(max) NULL,
    [LastUpdatedBy] nvarchar(max) NULL,
    [DeletedBy] nvarchar(max) NULL,
    [CreatedTime] datetimeoffset NULL,
    [LastUpdatedTime] datetimeoffset NULL,
    [DeletedTime] datetimeoffset NULL,
    CONSTRAINT [PK_NguoiDung] PRIMARY KEY ([userName])
);"
2023-10-30T04:58:30.1040700+07:00 [INF] (Microsoft.EntityFrameworkCore.Database.Command) Executed DbCommand ("107"ms) [Parameters=[""], CommandType='Text', CommandTimeout='1200']"
""CREATE TABLE [Sanh] (
    [MaSanh] nvarchar(450) NOT NULL,
    [TenSanh] nvarchar(max) NOT NULL,
    [SucChucToiThieu] int NOT NULL,
    [SucChucToiDa] int NOT NULL,
    [Id] nvarchar(max) NOT NULL,
    [CreatedBy] nvarchar(max) NULL,
    [LastUpdatedBy] nvarchar(max) NULL,
    [DeletedBy] nvarchar(max) NULL,
    [CreatedTime] datetimeoffset NULL,
    [LastUpdatedTime] datetimeoffset NULL,
    [DeletedTime] datetimeoffset NULL,
    CONSTRAINT [PK_Sanh] PRIMARY KEY ([MaSanh])
);"
2023-10-30T04:58:30.1196510+07:00 [INF] (Microsoft.EntityFrameworkCore.Database.Command) Executed DbCommand ("15"ms) [Parameters=[""], CommandType='Text', CommandTimeout='1200']"
""CREATE TABLE [Token] (
    [Id] nvarchar(450) NOT NULL,
    [AccessToken] nvarchar(max) NOT NULL,
    [RefreshToken] nvarchar(max) NOT NULL,
    [CreatedBy] nvarchar(max) NULL,
    [LastUpdatedBy] nvarchar(max) NULL,
    [DeletedBy] nvarchar(max) NULL,
    [CreatedTime] datetimeoffset NULL,
    [LastUpdatedTime] datetimeoffset NULL,
    [DeletedTime] datetimeoffset NULL,
    CONSTRAINT [PK_Token] PRIMARY KEY ([Id])
);"
2023-10-30T04:58:30.2103440+07:00 [INF] (Microsoft.EntityFrameworkCore.Database.Command) Executed DbCommand ("90"ms) [Parameters=[""], CommandType='Text', CommandTimeout='1200']"
""CREATE TABLE [DatTiec] (
    [MaTiec] nvarchar(450) NOT NULL,
    [TenTiec] nvarchar(max) NOT NULL,
    [SoBan] int NOT NULL,
    [PhiDichVu] float NOT NULL,
    [NgayDatTiec] datetimeoffset NOT NULL,
    [NgayToChuc] datetimeoffset NOT NULL,
    [TrangThai] nvarchar(max) NOT NULL,
    [MaKhachHang] nvarchar(max) NOT NULL,
    [KhachHangsMaKhachHang] nvarchar(450) NULL,
    [Id] nvarchar(max) NOT NULL,
    [CreatedBy] nvarchar(max) NULL,
    [LastUpdatedBy] nvarchar(max) NULL,
    [DeletedBy] nvarchar(max) NULL,
    [CreatedTime] datetimeoffset NULL,
    [LastUpdatedTime] datetimeoffset NULL,
    [DeletedTime] datetimeoffset NULL,
    CONSTRAINT [PK_DatTiec] PRIMARY KEY ([MaTiec]),
    CONSTRAINT [FK_DatTiec_KhachHang_KhachHangsMaKhachHang] FOREIGN KEY ([KhachHangsMaKhachHang]) REFERENCES [KhachHang] ([MaKhachHang])
);"
2023-10-30T04:58:30.2139951+07:00 [INF] (Microsoft.EntityFrameworkCore.Database.Command) Executed DbCommand ("3"ms) [Parameters=[""], CommandType='Text', CommandTimeout='1200']"
""CREATE TABLE [MonAn] (
    [MaMonAn] nvarchar(450) NOT NULL,
    [TenMonAn] nvarchar(max) NOT NULL,
    [DonGia] float NOT NULL,
    [DVT] nvarchar(max) NOT NULL,
    [MaLoaiMon] nvarchar(max) NOT NULL,
    [LoaiMonAnsMaLoaiMon] nvarchar(450) NULL,
    [Id] nvarchar(max) NOT NULL,
    [CreatedBy] nvarchar(max) NULL,
    [LastUpdatedBy] nvarchar(max) NULL,
    [DeletedBy] nvarchar(max) NULL,
    [CreatedTime] datetimeoffset NULL,
    [LastUpdatedTime] datetimeoffset NULL,
    [DeletedTime] datetimeoffset NULL,
    CONSTRAINT [PK_MonAn] PRIMARY KEY ([MaMonAn]),
    CONSTRAINT [FK_MonAn_LoaiMonAn_LoaiMonAnsMaLoaiMon] FOREIGN KEY ([LoaiMonAnsMaLoaiMon]) REFERENCES [LoaiMonAn] ([MaLoaiMon])
);"
2023-10-30T04:58:30.2591278+07:00 [INF] (Microsoft.EntityFrameworkCore.Database.Command) Executed DbCommand ("45"ms) [Parameters=[""], CommandType='Text', CommandTimeout='1200']"
""CREATE TABLE [Nuoc] (
    [MaNuoc] nvarchar(450) NOT NULL,
    [TenNuoc] nvarchar(max) NOT NULL,
    [DonGia] float NOT NULL,
    [DVT] nvarchar(max) NOT NULL,
    [MaLoaiNuoc] nvarchar(max) NOT NULL,
    [LoaiNuocsMaLoaiNuoc] nvarchar(450) NULL,
    [Id] nvarchar(max) NOT NULL,
    [CreatedBy] nvarchar(max) NULL,
    [LastUpdatedBy] nvarchar(max) NULL,
    [DeletedBy] nvarchar(max) NULL,
    [CreatedTime] datetimeoffset NULL,
    [LastUpdatedTime] datetimeoffset NULL,
    [DeletedTime] datetimeoffset NULL,
    CONSTRAINT [PK_Nuoc] PRIMARY KEY ([MaNuoc]),
    CONSTRAINT [FK_Nuoc_LoaiNuoc_LoaiNuocsMaLoaiNuoc] FOREIGN KEY ([LoaiNuocsMaLoaiNuoc]) REFERENCES [LoaiNuoc] ([MaLoaiNuoc])
);"
2023-10-30T04:58:30.2630512+07:00 [INF] (Microsoft.EntityFrameworkCore.Database.Command) Executed DbCommand ("4"ms) [Parameters=[""], CommandType='Text', CommandTimeout='1200']"
""CREATE TABLE [AccessToken] (
    [Id] nvarchar(450) NOT NULL,
    [Token] nvarchar(max) NOT NULL,
    [StrTokenId] nvarchar(450) NULL,
    [userName] nvarchar(450) NOT NULL,
    [IsUsed] bit NOT NULL,
    [IsRevoked] bit NOT NULL,
    [ExpireAt] datetime2 NOT NULL,
    [CreatedBy] nvarchar(max) NULL,
    [LastUpdatedBy] nvarchar(max) NULL,
    [DeletedBy] nvarchar(max) NULL,
    [CreatedTime] datetimeoffset NULL,
    [LastUpdatedTime] datetimeoffset NULL,
    [DeletedTime] datetimeoffset NULL,
    CONSTRAINT [PK_AccessToken] PRIMARY KEY ([Id]),
    CONSTRAINT [FK_AccessToken_NguoiDung_userName] FOREIGN KEY ([userName]) REFERENCES [NguoiDung] ([userName]) ON DELETE CASCADE,
    CONSTRAINT [FK_AccessToken_Token_StrTokenId] FOREIGN KEY ([StrTokenId]) REFERENCES [Token] ([Id])
);"
2023-10-30T04:58:33.6414946+07:00 [INF] (Microsoft.EntityFrameworkCore.Database.Command) Executed DbCommand ("4"ms) [Parameters=[""], CommandType='Text', CommandTimeout='1200']"
""CREATE TABLE [RefreshToken] (
    [Id] nvarchar(450) NOT NULL,
    [Token] nvarchar(max) NOT NULL,
    [StrTokenId] nvarchar(450) NULL,
    [userName] nvarchar(450) NOT NULL,
    [JwtID] nvarchar(max) NOT NULL,
    [IsUsed] bit NOT NULL,
    [IsRevoked] bit NOT NULL,
    [ExpireAt] datetime2 NOT NULL,
    [CreatedBy] nvarchar(max) NULL,
    [LastUpdatedBy] nvarchar(max) NULL,
    [DeletedBy] nvarchar(max) NULL,
    [CreatedTime] datetimeoffset NULL,
    [LastUpdatedTime] datetimeoffset NULL,
    [DeletedTime] datetimeoffset NULL,
    CONSTRAINT [PK_RefreshToken] PRIMARY KEY ([Id]),
    CONSTRAINT [FK_RefreshToken_NguoiDung_userName] FOREIGN KEY ([userName]) REFERENCES [NguoiDung] ([userName]) ON DELETE CASCADE,
    CONSTRAINT [FK_RefreshToken_Token_StrTokenId] FOREIGN KEY ([StrTokenId]) REFERENCES [Token] ([Id])
);"
2023-10-30T04:58:33.6544684+07:00 [INF] (Microsoft.EntityFrameworkCore.Database.Command) Executed DbCommand ("13"ms) [Parameters=[""], CommandType='Text', CommandTimeout='1200']"
""CREATE TABLE [ChiTietDichVu] (
    [MaTiec] nvarchar(450) NOT NULL,
    [MaDichVu] nvarchar(450) NOT NULL,
    [TongTien] float NOT NULL,
    [Id] nvarchar(max) NULL,
    [CreatedBy] nvarchar(max) NULL,
    [LastUpdatedBy] nvarchar(max) NULL,
    [DeletedBy] nvarchar(max) NULL,
    [CreatedTime] datetimeoffset NULL,
    [LastUpdatedTime] datetimeoffset NULL,
    [DeletedTime] datetimeoffset NULL,
    CONSTRAINT [PK_ChiTietDichVu] PRIMARY KEY ([MaTiec], [MaDichVu]),
    CONSTRAINT [FK_ChiTietDichVu_DatTiec_MaTiec] FOREIGN KEY ([MaTiec]) REFERENCES [DatTiec] ([MaTiec]) ON DELETE CASCADE,
    CONSTRAINT [FK_ChiTietDichVu_DichVu_MaDichVu] FOREIGN KEY ([MaDichVu]) REFERENCES [DichVu] ([MaDichVu]) ON DELETE CASCADE
);"
2023-10-30T04:58:33.6996179+07:00 [INF] (Microsoft.EntityFrameworkCore.Database.Command) Executed DbCommand ("45"ms) [Parameters=[""], CommandType='Text', CommandTimeout='1200']"
""CREATE TABLE [ChiTietMenu] (
    [MaTiec] nvarchar(450) NOT NULL,
    [MaMenu] nvarchar(450) NOT NULL,
    [SoLuongMenuBan] int NOT NULL,
    [TongTien] float NOT NULL,
    [Id] nvarchar(max) NULL,
    [CreatedBy] nvarchar(max) NULL,
    [LastUpdatedBy] nvarchar(max) NULL,
    [DeletedBy] nvarchar(max) NULL,
    [CreatedTime] datetimeoffset NULL,
    [LastUpdatedTime] datetimeoffset NULL,
    [DeletedTime] datetimeoffset NULL,
    CONSTRAINT [PK_ChiTietMenu] PRIMARY KEY ([MaTiec], [MaMenu]),
    CONSTRAINT [FK_ChiTietMenu_DatTiec_MaTiec] FOREIGN KEY ([MaTiec]) REFERENCES [DatTiec] ([MaTiec]) ON DELETE CASCADE,
    CONSTRAINT [FK_ChiTietMenu_Menu_MaMenu] FOREIGN KEY ([MaMenu]) REFERENCES [Menu] ([MaMenu]) ON DELETE CASCADE
);"
2023-10-30T04:58:33.7024542+07:00 [INF] (Microsoft.EntityFrameworkCore.Database.Command) Executed DbCommand ("3"ms) [Parameters=[""], CommandType='Text', CommandTimeout='1200']"
""CREATE TABLE [LichSanhTiec] (
    [MaTiec] nvarchar(450) NOT NULL,
    [MaSanh] nvarchar(450) NOT NULL,
    [NgayToChuc] datetimeoffset NOT NULL,
    [Ca] nvarchar(max) NOT NULL,
    [TrangThai] nvarchar(max) NOT NULL,
    [Id] nvarchar(max) NULL,
    [CreatedBy] nvarchar(max) NULL,
    [LastUpdatedBy] nvarchar(max) NULL,
    [DeletedBy] nvarchar(max) NULL,
    [CreatedTime] datetimeoffset NULL,
    [LastUpdatedTime] datetimeoffset NULL,
    [DeletedTime] datetimeoffset NULL,
    CONSTRAINT [PK_LichSanhTiec] PRIMARY KEY ([MaTiec], [MaSanh]),
    CONSTRAINT [FK_LichSanhTiec_DatTiec_MaTiec] FOREIGN KEY ([MaTiec]) REFERENCES [DatTiec] ([MaTiec]) ON DELETE CASCADE,
    CONSTRAINT [FK_LichSanhTiec_Sanh_MaSanh] FOREIGN KEY ([MaSanh]) REFERENCES [Sanh] ([MaSanh]) ON DELETE CASCADE
);"
2023-10-30T04:58:37.2816312+07:00 [INF] (Microsoft.EntityFrameworkCore.Database.Command) Executed DbCommand ("15"ms) [Parameters=[""], CommandType='Text', CommandTimeout='1200']"
""CREATE TABLE [SuDungKhuyenMai] (
    [MaTiec] nvarchar(450) NOT NULL,
    [MaKM] nvarchar(450) NOT NULL,
    [Id] nvarchar(max) NULL,
    [CreatedBy] nvarchar(max) NULL,
    [LastUpdatedBy] nvarchar(max) NULL,
    [DeletedBy] nvarchar(max) NULL,
    [CreatedTime] datetimeoffset NULL,
    [LastUpdatedTime] datetimeoffset NULL,
    [DeletedTime] datetimeoffset NULL,
    CONSTRAINT [PK_SuDungKhuyenMai] PRIMARY KEY ([MaTiec], [MaKM]),
    CONSTRAINT [FK_SuDungKhuyenMai_DatTiec_MaTiec] FOREIGN KEY ([MaTiec]) REFERENCES [DatTiec] ([MaTiec]) ON DELETE CASCADE,
    CONSTRAINT [FK_SuDungKhuyenMai_KhuyenMai_MaKM] FOREIGN KEY ([MaKM]) REFERENCES [KhuyenMai] ([MaKM]) ON DELETE CASCADE
);"
2023-10-30T04:58:37.3009381+07:00 [INF] (Microsoft.EntityFrameworkCore.Database.Command) Executed DbCommand ("19"ms) [Parameters=[""], CommandType='Text', CommandTimeout='1200']"
""CREATE TABLE [MonAnTrongMenu] (
    [MaMenu] nvarchar(450) NOT NULL,
    [MaMonAn] nvarchar(450) NOT NULL,
    [SoLuongMon] int NOT NULL,
    [DonGia] float NOT NULL,
    [Id] nvarchar(max) NULL,
    [CreatedBy] nvarchar(max) NULL,
    [LastUpdatedBy] nvarchar(max) NULL,
    [DeletedBy] nvarchar(max) NULL,
    [CreatedTime] datetimeoffset NULL,
    [LastUpdatedTime] datetimeoffset NULL,
    [DeletedTime] datetimeoffset NULL,
    CONSTRAINT [PK_MonAnTrongMenu] PRIMARY KEY ([MaMenu], [MaMonAn]),
    CONSTRAINT [FK_MonAnTrongMenu_Menu_MaMenu] FOREIGN KEY ([MaMenu]) REFERENCES [Menu] ([MaMenu]) ON DELETE CASCADE,
    CONSTRAINT [FK_MonAnTrongMenu_MonAn_MaMonAn] FOREIGN KEY ([MaMonAn]) REFERENCES [MonAn] ([MaMonAn]) ON DELETE CASCADE
);"
2023-10-30T04:58:37.3048177+07:00 [INF] (Microsoft.EntityFrameworkCore.Database.Command) Executed DbCommand ("4"ms) [Parameters=[""], CommandType='Text', CommandTimeout='1200']"
""CREATE TABLE [ChiTietNuocUong] (
    [MaTiec] nvarchar(450) NOT NULL,
    [MaNuoc] nvarchar(450) NOT NULL,
    [SoLuong] int NOT NULL,
    [TongTien] float NOT NULL,
    [Id] nvarchar(max) NULL,
    [CreatedBy] nvarchar(max) NULL,
    [LastUpdatedBy] nvarchar(max) NULL,
    [DeletedBy] nvarchar(max) NULL,
    [CreatedTime] datetimeoffset NULL,
    [LastUpdatedTime] datetimeoffset NULL,
    [DeletedTime] datetimeoffset NULL,
    CONSTRAINT [PK_ChiTietNuocUong] PRIMARY KEY ([MaTiec], [MaNuoc]),
    CONSTRAINT [FK_ChiTietNuocUong_DatTiec_MaTiec] FOREIGN KEY ([MaTiec]) REFERENCES [DatTiec] ([MaTiec]) ON DELETE CASCADE,
    CONSTRAINT [FK_ChiTietNuocUong_Nuoc_MaNuoc] FOREIGN KEY ([MaNuoc]) REFERENCES [Nuoc] ([MaNuoc]) ON DELETE CASCADE
);"
2023-10-30T04:58:37.3059310+07:00 [INF] (Microsoft.EntityFrameworkCore.Database.Command) Executed DbCommand ("1"ms) [Parameters=[""], CommandType='Text', CommandTimeout='1200']"
""CREATE INDEX [IX_AccessToken_StrTokenId] ON [AccessToken] ([StrTokenId]);"
2023-10-30T04:58:37.3068075+07:00 [INF] (Microsoft.EntityFrameworkCore.Database.Command) Executed DbCommand ("1"ms) [Parameters=[""], CommandType='Text', CommandTimeout='1200']"
""CREATE INDEX [IX_AccessToken_userName] ON [AccessToken] ([userName]);"
2023-10-30T04:58:37.3076546+07:00 [INF] (Microsoft.EntityFrameworkCore.Database.Command) Executed DbCommand ("1"ms) [Parameters=[""], CommandType='Text', CommandTimeout='1200']"
""CREATE INDEX [IX_ChiTietDichVu_MaDichVu] ON [ChiTietDichVu] ([MaDichVu]);"
2023-10-30T04:58:37.3085294+07:00 [INF] (Microsoft.EntityFrameworkCore.Database.Command) Executed DbCommand ("1"ms) [Parameters=[""], CommandType='Text', CommandTimeout='1200']"
""CREATE INDEX [IX_ChiTietMenu_MaMenu] ON [ChiTietMenu] ([MaMenu]);"
2023-10-30T04:58:37.3092738+07:00 [INF] (Microsoft.EntityFrameworkCore.Database.Command) Executed DbCommand ("1"ms) [Parameters=[""], CommandType='Text', CommandTimeout='1200']"
""CREATE INDEX [IX_ChiTietNuocUong_MaNuoc] ON [ChiTietNuocUong] ([MaNuoc]);"
2023-10-30T04:58:37.3101537+07:00 [INF] (Microsoft.EntityFrameworkCore.Database.Command) Executed DbCommand ("1"ms) [Parameters=[""], CommandType='Text', CommandTimeout='1200']"
""CREATE INDEX [IX_DatTiec_KhachHangsMaKhachHang] ON [DatTiec] ([KhachHangsMaKhachHang]);"
2023-10-30T04:58:37.3110601+07:00 [INF] (Microsoft.EntityFrameworkCore.Database.Command) Executed DbCommand ("1"ms) [Parameters=[""], CommandType='Text', CommandTimeout='1200']"
""CREATE INDEX [IX_LichSanhTiec_MaSanh] ON [LichSanhTiec] ([MaSanh]);"
2023-10-30T04:58:37.3124996+07:00 [INF] (Microsoft.EntityFrameworkCore.Database.Command) Executed DbCommand ("1"ms) [Parameters=[""], CommandType='Text', CommandTimeout='1200']"
""CREATE INDEX [IX_MonAn_LoaiMonAnsMaLoaiMon] ON [MonAn] ([LoaiMonAnsMaLoaiMon]);"
2023-10-30T04:58:37.3133856+07:00 [INF] (Microsoft.EntityFrameworkCore.Database.Command) Executed DbCommand ("1"ms) [Parameters=[""], CommandType='Text', CommandTimeout='1200']"
""CREATE INDEX [IX_MonAnTrongMenu_MaMonAn] ON [MonAnTrongMenu] ([MaMonAn]);"
2023-10-30T04:58:39.9354867+07:00 [INF] (Microsoft.EntityFrameworkCore.Database.Command) Executed DbCommand ("1"ms) [Parameters=[""], CommandType='Text', CommandTimeout='1200']"
""CREATE INDEX [IX_Nuoc_LoaiNuocsMaLoaiNuoc] ON [Nuoc] ([LoaiNuocsMaLoaiNuoc]);"
2023-10-30T04:58:39.9365386+07:00 [INF] (Microsoft.EntityFrameworkCore.Database.Command) Executed DbCommand ("1"ms) [Parameters=[""], CommandType='Text', CommandTimeout='1200']"
""CREATE INDEX [IX_RefreshToken_StrTokenId] ON [RefreshToken] ([StrTokenId]);"
2023-10-30T04:58:39.9373598+07:00 [INF] (Microsoft.EntityFrameworkCore.Database.Command) Executed DbCommand ("1"ms) [Parameters=[""], CommandType='Text', CommandTimeout='1200']"
""CREATE INDEX [IX_RefreshToken_userName] ON [RefreshToken] ([userName]);"
2023-10-30T04:58:39.9382165+07:00 [INF] (Microsoft.EntityFrameworkCore.Database.Command) Executed DbCommand ("1"ms) [Parameters=[""], CommandType='Text', CommandTimeout='1200']"
""CREATE INDEX [IX_SuDungKhuyenMai_MaKM] ON [SuDungKhuyenMai] ([MaKM]);"
2023-10-30T04:58:39.9404669+07:00 [INF] (Microsoft.EntityFrameworkCore.Database.Command) Executed DbCommand ("2"ms) [Parameters=[""], CommandType='Text', CommandTimeout='1200']"
""INSERT INTO [__EFMigrationsHistory] ([MigrationId], [ProductVersion])
VALUES (N'20231029215822_AddDB', N'7.0.9');"
2023-10-30T05:20:07.6800574+07:00 [INF] (Microsoft.EntityFrameworkCore.Database.Command) Executed DbCommand ("645"ms) [Parameters=[""], CommandType='Text', CommandTimeout='1200']"
""CREATE DATABASE [DB_WeddingRestaurant];"
2023-10-30T05:20:07.7900206+07:00 [INF] (Microsoft.EntityFrameworkCore.Database.Command) Executed DbCommand ("51"ms) [Parameters=[""], CommandType='Text', CommandTimeout='1200']"
""IF SERVERPROPERTY('EngineEdition') <> 5
BEGIN
    ALTER DATABASE [DB_WeddingRestaurant] SET READ_COMMITTED_SNAPSHOT ON;
END;"
2023-10-30T05:20:07.9071364+07:00 [INF] (Microsoft.EntityFrameworkCore.Database.Command) Executed DbCommand ("9"ms) [Parameters=[""], CommandType='Text', CommandTimeout='1200']"
""SELECT 1"
2023-10-30T05:21:42.8959332+07:00 [INF] (Microsoft.EntityFrameworkCore.Database.Command) Executed DbCommand ("14"ms) [Parameters=[""], CommandType='Text', CommandTimeout='1200']"
""SELECT 1"
2023-10-30T05:21:42.9463938+07:00 [INF] (Microsoft.EntityFrameworkCore.Database.Command) Executed DbCommand ("14"ms) [Parameters=[""], CommandType='Text', CommandTimeout='1200']"
""SELECT OBJECT_ID(N'[__EFMigrationsHistory]');"
2023-10-30T05:21:42.9483809+07:00 [INF] (Microsoft.EntityFrameworkCore.Database.Command) Executed DbCommand ("1"ms) [Parameters=[""], CommandType='Text', CommandTimeout='1200']"
""SELECT 1"
2023-10-30T05:21:43.0662749+07:00 [INF] (Microsoft.EntityFrameworkCore.Database.Command) Executed DbCommand ("40"ms) [Parameters=[""], CommandType='Text', CommandTimeout='1200']"
""CREATE TABLE [__EFMigrationsHistory] (
    [MigrationId] nvarchar(150) NOT NULL,
    [ProductVersion] nvarchar(32) NOT NULL,
    CONSTRAINT [PK___EFMigrationsHistory] PRIMARY KEY ([MigrationId])
);"
2023-10-30T05:21:43.0813497+07:00 [INF] (Microsoft.EntityFrameworkCore.Database.Command) Executed DbCommand ("13"ms) [Parameters=[""], CommandType='Text', CommandTimeout='1200']"
""SELECT 1"
2023-10-30T05:21:43.0996027+07:00 [INF] (Microsoft.EntityFrameworkCore.Database.Command) Executed DbCommand ("18"ms) [Parameters=[""], CommandType='Text', CommandTimeout='1200']"
""SELECT OBJECT_ID(N'[__EFMigrationsHistory]');"
2023-10-30T05:21:43.1289690+07:00 [INF] (Microsoft.EntityFrameworkCore.Database.Command) Executed DbCommand ("27"ms) [Parameters=[""], CommandType='Text', CommandTimeout='1200']"
""SELECT [MigrationId], [ProductVersion]
FROM [__EFMigrationsHistory]
ORDER BY [MigrationId];"
2023-10-30T05:21:43.1495036+07:00 [INF] (Microsoft.EntityFrameworkCore.Migrations) Applying migration '"20231029222129_AddDB"'.
2023-10-30T05:21:43.2422947+07:00 [INF] (Microsoft.EntityFrameworkCore.Database.Command) Executed DbCommand ("3"ms) [Parameters=[""], CommandType='Text', CommandTimeout='1200']"
""CREATE TABLE [DichVu] (
    [MaDichVu] nvarchar(450) NOT NULL,
    [TenDichVu] nvarchar(max) NOT NULL,
    [DonGiaDichVu] float NOT NULL,
    [Id] nvarchar(max) NOT NULL,
    [CreatedBy] nvarchar(max) NULL,
    [LastUpdatedBy] nvarchar(max) NULL,
    [DeletedBy] nvarchar(max) NULL,
    [CreatedTime] datetimeoffset NULL,
    [LastUpdatedTime] datetimeoffset NULL,
    [DeletedTime] datetimeoffset NULL,
    CONSTRAINT [PK_DichVu] PRIMARY KEY ([MaDichVu])
);"
2023-10-30T05:21:43.2441374+07:00 [INF] (Microsoft.EntityFrameworkCore.Database.Command) Executed DbCommand ("1"ms) [Parameters=[""], CommandType='Text', CommandTimeout='1200']"
""CREATE TABLE [KhachHang] (
    [MaKhachHang] nvarchar(450) NOT NULL,
    [TenKhachHang] nvarchar(max) NOT NULL,
    [SoDienThoai] nvarchar(max) NOT NULL,
    [NgaySinh] nvarchar(max) NOT NULL,
    [CCCD] nvarchar(max) NOT NULL,
    [Gmail] nvarchar(max) NOT NULL,
    [LoaiKH] nvarchar(max) NULL,
    [Id] nvarchar(max) NOT NULL,
    [CreatedBy] nvarchar(max) NULL,
    [LastUpdatedBy] nvarchar(max) NULL,
    [DeletedBy] nvarchar(max) NULL,
    [CreatedTime] datetimeoffset NULL,
    [LastUpdatedTime] datetimeoffset NULL,
    [DeletedTime] datetimeoffset NULL,
    CONSTRAINT [PK_KhachHang] PRIMARY KEY ([MaKhachHang])
);"
2023-10-30T05:21:44.2637017+07:00 [INF] (Microsoft.EntityFrameworkCore.Database.Command) Executed DbCommand ("1,019"ms) [Parameters=[""], CommandType='Text', CommandTimeout='1200']"
""CREATE TABLE [KhuyenMai] (
    [MaKM] nvarchar(450) NOT NULL,
    [DieuKien] nvarchar(max) NOT NULL,
    [GiaTri] float NOT NULL,
    [MoTa] nvarchar(max) NOT NULL,
    [Id] nvarchar(max) NOT NULL,
    [CreatedBy] nvarchar(max) NULL,
    [LastUpdatedBy] nvarchar(max) NULL,
    [DeletedBy] nvarchar(max) NULL,
    [CreatedTime] datetimeoffset NULL,
    [LastUpdatedTime] datetimeoffset NULL,
    [DeletedTime] datetimeoffset NULL,
    CONSTRAINT [PK_KhuyenMai] PRIMARY KEY ([MaKM])
);"
2023-10-30T05:21:44.2669974+07:00 [INF] (Microsoft.EntityFrameworkCore.Database.Command) Executed DbCommand ("3"ms) [Parameters=[""], CommandType='Text', CommandTimeout='1200']"
""CREATE TABLE [LoaiMonAn] (
    [MaLoaiMon] nvarchar(450) NOT NULL,
    [TenLoaiMon] nvarchar(max) NOT NULL,
    [Id] nvarchar(max) NOT NULL,
    [CreatedBy] nvarchar(max) NULL,
    [LastUpdatedBy] nvarchar(max) NULL,
    [DeletedBy] nvarchar(max) NULL,
    [CreatedTime] datetimeoffset NULL,
    [LastUpdatedTime] datetimeoffset NULL,
    [DeletedTime] datetimeoffset NULL,
    CONSTRAINT [PK_LoaiMonAn] PRIMARY KEY ([MaLoaiMon])
);"
2023-10-30T05:21:44.2691598+07:00 [INF] (Microsoft.EntityFrameworkCore.Database.Command) Executed DbCommand ("2"ms) [Parameters=[""], CommandType='Text', CommandTimeout='1200']"
""CREATE TABLE [LoaiNuoc] (
    [MaLoaiNuoc] nvarchar(450) NOT NULL,
    [TenLoaiNuoc] nvarchar(max) NOT NULL,
    [Id] nvarchar(max) NOT NULL,
    [CreatedBy] nvarchar(max) NULL,
    [LastUpdatedBy] nvarchar(max) NULL,
    [DeletedBy] nvarchar(max) NULL,
    [CreatedTime] datetimeoffset NULL,
    [LastUpdatedTime] datetimeoffset NULL,
    [DeletedTime] datetimeoffset NULL,
    CONSTRAINT [PK_LoaiNuoc] PRIMARY KEY ([MaLoaiNuoc])
);"
2023-10-30T05:21:44.2794485+07:00 [INF] (Microsoft.EntityFrameworkCore.Database.Command) Executed DbCommand ("10"ms) [Parameters=[""], CommandType='Text', CommandTimeout='1200']"
""CREATE TABLE [Menu] (
    [MaMenu] nvarchar(450) NOT NULL,
    [DonGiaMenu] float NOT NULL,
    [Id] nvarchar(max) NOT NULL,
    [CreatedBy] nvarchar(max) NULL,
    [LastUpdatedBy] nvarchar(max) NULL,
    [DeletedBy] nvarchar(max) NULL,
    [CreatedTime] datetimeoffset NULL,
    [LastUpdatedTime] datetimeoffset NULL,
    [DeletedTime] datetimeoffset NULL,
    CONSTRAINT [PK_Menu] PRIMARY KEY ([MaMenu])
);"
2023-10-30T05:21:44.2813844+07:00 [INF] (Microsoft.EntityFrameworkCore.Database.Command) Executed DbCommand ("2"ms) [Parameters=[""], CommandType='Text', CommandTimeout='1200']"
""CREATE TABLE [NguoiDung] (
    [userName] nvarchar(450) NOT NULL,
    [password] nvarchar(max) NOT NULL,
    [quyen] nvarchar(max) NOT NULL,
    [hoTen] nvarchar(max) NOT NULL,
    [sdt] nvarchar(max) NOT NULL,
    [email] nvarchar(max) NOT NULL,
    [Id] nvarchar(max) NOT NULL,
    [CreatedBy] nvarchar(max) NULL,
    [LastUpdatedBy] nvarchar(max) NULL,
    [DeletedBy] nvarchar(max) NULL,
    [CreatedTime] datetimeoffset NULL,
    [LastUpdatedTime] datetimeoffset NULL,
    [DeletedTime] datetimeoffset NULL,
    CONSTRAINT [PK_NguoiDung] PRIMARY KEY ([userName])
);"
2023-10-30T05:21:44.2846105+07:00 [INF] (Microsoft.EntityFrameworkCore.Database.Command) Executed DbCommand ("3"ms) [Parameters=[""], CommandType='Text', CommandTimeout='1200']"
""CREATE TABLE [Sanh] (
    [MaSanh] nvarchar(450) NOT NULL,
    [TenSanh] nvarchar(max) NOT NULL,
    [SucChucToiThieu] int NOT NULL,
    [SucChucToiDa] int NOT NULL,
    [Id] nvarchar(max) NOT NULL,
    [CreatedBy] nvarchar(max) NULL,
    [LastUpdatedBy] nvarchar(max) NULL,
    [DeletedBy] nvarchar(max) NULL,
    [CreatedTime] datetimeoffset NULL,
    [LastUpdatedTime] datetimeoffset NULL,
    [DeletedTime] datetimeoffset NULL,
    CONSTRAINT [PK_Sanh] PRIMARY KEY ([MaSanh])
);"
2023-10-30T05:21:44.2870892+07:00 [INF] (Microsoft.EntityFrameworkCore.Database.Command) Executed DbCommand ("2"ms) [Parameters=[""], CommandType='Text', CommandTimeout='1200']"
""CREATE TABLE [Token] (
    [Id] nvarchar(450) NOT NULL,
    [AccessToken] nvarchar(max) NOT NULL,
    [RefreshToken] nvarchar(max) NOT NULL,
    [CreatedBy] nvarchar(max) NULL,
    [LastUpdatedBy] nvarchar(max) NULL,
    [DeletedBy] nvarchar(max) NULL,
    [CreatedTime] datetimeoffset NULL,
    [LastUpdatedTime] datetimeoffset NULL,
    [DeletedTime] datetimeoffset NULL,
    CONSTRAINT [PK_Token] PRIMARY KEY ([Id])
);"
2023-10-30T05:21:44.2923065+07:00 [INF] (Microsoft.EntityFrameworkCore.Database.Command) Executed DbCommand ("5"ms) [Parameters=[""], CommandType='Text', CommandTimeout='1200']"
""CREATE TABLE [DatTiec] (
    [MaTiec] nvarchar(450) NOT NULL,
    [TenTiec] nvarchar(max) NOT NULL,
    [SoBan] int NOT NULL,
    [PhiDichVu] float NOT NULL,
    [NgayDatTiec] datetimeoffset NOT NULL,
    [NgayToChuc] datetimeoffset NOT NULL,
    [TrangThai] nvarchar(max) NOT NULL,
    [MaKhachHang] nvarchar(max) NOT NULL,
    [KhachHangsMaKhachHang] nvarchar(450) NULL,
    [Id] nvarchar(max) NOT NULL,
    [CreatedBy] nvarchar(max) NULL,
    [LastUpdatedBy] nvarchar(max) NULL,
    [DeletedBy] nvarchar(max) NULL,
    [CreatedTime] datetimeoffset NULL,
    [LastUpdatedTime] datetimeoffset NULL,
    [DeletedTime] datetimeoffset NULL,
    CONSTRAINT [PK_DatTiec] PRIMARY KEY ([MaTiec]),
    CONSTRAINT [FK_DatTiec_KhachHang_KhachHangsMaKhachHang] FOREIGN KEY ([KhachHangsMaKhachHang]) REFERENCES [KhachHang] ([MaKhachHang])
);"
2023-10-30T05:21:44.5782598+07:00 [INF] (Microsoft.EntityFrameworkCore.Database.Command) Executed DbCommand ("2"ms) [Parameters=[""], CommandType='Text', CommandTimeout='1200']"
""CREATE TABLE [MonAn] (
    [MaMonAn] nvarchar(450) NOT NULL,
    [TenMonAn] nvarchar(max) NOT NULL,
    [DonGia] float NOT NULL,
    [DVT] nvarchar(max) NOT NULL,
    [MaLoaiMon] nvarchar(max) NOT NULL,
    [LoaiMonAnsMaLoaiMon] nvarchar(450) NULL,
    [Id] nvarchar(max) NOT NULL,
    [CreatedBy] nvarchar(max) NULL,
    [LastUpdatedBy] nvarchar(max) NULL,
    [DeletedBy] nvarchar(max) NULL,
    [CreatedTime] datetimeoffset NULL,
    [LastUpdatedTime] datetimeoffset NULL,
    [DeletedTime] datetimeoffset NULL,
    CONSTRAINT [PK_MonAn] PRIMARY KEY ([MaMonAn]),
    CONSTRAINT [FK_MonAn_LoaiMonAn_LoaiMonAnsMaLoaiMon] FOREIGN KEY ([LoaiMonAnsMaLoaiMon]) REFERENCES [LoaiMonAn] ([MaLoaiMon])
);"
2023-10-30T05:21:44.5809731+07:00 [INF] (Microsoft.EntityFrameworkCore.Database.Command) Executed DbCommand ("3"ms) [Parameters=[""], CommandType='Text', CommandTimeout='1200']"
""CREATE TABLE [Nuoc] (
    [MaNuoc] nvarchar(450) NOT NULL,
    [TenNuoc] nvarchar(max) NOT NULL,
    [DonGia] float NOT NULL,
    [DVT] nvarchar(max) NOT NULL,
    [MaLoaiNuoc] nvarchar(max) NOT NULL,
    [LoaiNuocsMaLoaiNuoc] nvarchar(450) NULL,
    [Id] nvarchar(max) NOT NULL,
    [CreatedBy] nvarchar(max) NULL,
    [LastUpdatedBy] nvarchar(max) NULL,
    [DeletedBy] nvarchar(max) NULL,
    [CreatedTime] datetimeoffset NULL,
    [LastUpdatedTime] datetimeoffset NULL,
    [DeletedTime] datetimeoffset NULL,
    CONSTRAINT [PK_Nuoc] PRIMARY KEY ([MaNuoc]),
    CONSTRAINT [FK_Nuoc_LoaiNuoc_LoaiNuocsMaLoaiNuoc] FOREIGN KEY ([LoaiNuocsMaLoaiNuoc]) REFERENCES [LoaiNuoc] ([MaLoaiNuoc])
);"
2023-10-30T05:21:44.5830141+07:00 [INF] (Microsoft.EntityFrameworkCore.Database.Command) Executed DbCommand ("2"ms) [Parameters=[""], CommandType='Text', CommandTimeout='1200']"
""CREATE TABLE [AccessToken] (
    [Id] nvarchar(450) NOT NULL,
    [Token] nvarchar(max) NOT NULL,
    [StrTokenId] nvarchar(450) NULL,
    [userName] nvarchar(450) NOT NULL,
    [IsUsed] bit NOT NULL,
    [IsRevoked] bit NOT NULL,
    [ExpireAt] datetime2 NOT NULL,
    [CreatedBy] nvarchar(max) NULL,
    [LastUpdatedBy] nvarchar(max) NULL,
    [DeletedBy] nvarchar(max) NULL,
    [CreatedTime] datetimeoffset NULL,
    [LastUpdatedTime] datetimeoffset NULL,
    [DeletedTime] datetimeoffset NULL,
    CONSTRAINT [PK_AccessToken] PRIMARY KEY ([Id]),
    CONSTRAINT [FK_AccessToken_NguoiDung_userName] FOREIGN KEY ([userName]) REFERENCES [NguoiDung] ([userName]) ON DELETE CASCADE,
    CONSTRAINT [FK_AccessToken_Token_StrTokenId] FOREIGN KEY ([StrTokenId]) REFERENCES [Token] ([Id])
);"
2023-10-30T05:21:44.5849000+07:00 [INF] (Microsoft.EntityFrameworkCore.Database.Command) Executed DbCommand ("2"ms) [Parameters=[""], CommandType='Text', CommandTimeout='1200']"
""CREATE TABLE [RefreshToken] (
    [Id] nvarchar(450) NOT NULL,
    [Token] nvarchar(max) NOT NULL,
    [StrTokenId] nvarchar(450) NULL,
    [userName] nvarchar(450) NOT NULL,
    [JwtID] nvarchar(max) NOT NULL,
    [IsUsed] bit NOT NULL,
    [IsRevoked] bit NOT NULL,
    [ExpireAt] datetime2 NOT NULL,
    [CreatedBy] nvarchar(max) NULL,
    [LastUpdatedBy] nvarchar(max) NULL,
    [DeletedBy] nvarchar(max) NULL,
    [CreatedTime] datetimeoffset NULL,
    [LastUpdatedTime] datetimeoffset NULL,
    [DeletedTime] datetimeoffset NULL,
    CONSTRAINT [PK_RefreshToken] PRIMARY KEY ([Id]),
    CONSTRAINT [FK_RefreshToken_NguoiDung_userName] FOREIGN KEY ([userName]) REFERENCES [NguoiDung] ([userName]) ON DELETE CASCADE,
    CONSTRAINT [FK_RefreshToken_Token_StrTokenId] FOREIGN KEY ([StrTokenId]) REFERENCES [Token] ([Id])
);"
2023-10-30T05:21:48.9738337+07:00 [INF] (Microsoft.EntityFrameworkCore.Database.Command) Executed DbCommand ("234"ms) [Parameters=[""], CommandType='Text', CommandTimeout='1200']"
""CREATE TABLE [ChiTietDichVu] (
    [MaTiec] nvarchar(450) NOT NULL,
    [MaDichVu] nvarchar(450) NOT NULL,
    [TongTien] float NOT NULL,
    [Id] nvarchar(max) NULL,
    [CreatedBy] nvarchar(max) NULL,
    [LastUpdatedBy] nvarchar(max) NULL,
    [DeletedBy] nvarchar(max) NULL,
    [CreatedTime] datetimeoffset NULL,
    [LastUpdatedTime] datetimeoffset NULL,
    [DeletedTime] datetimeoffset NULL,
    CONSTRAINT [PK_ChiTietDichVu] PRIMARY KEY ([MaTiec], [MaDichVu]),
    CONSTRAINT [FK_ChiTietDichVu_DatTiec_MaTiec] FOREIGN KEY ([MaTiec]) REFERENCES [DatTiec] ([MaTiec]) ON DELETE CASCADE,
    CONSTRAINT [FK_ChiTietDichVu_DichVu_MaDichVu] FOREIGN KEY ([MaDichVu]) REFERENCES [DichVu] ([MaDichVu]) ON DELETE CASCADE
);"
2023-10-30T05:21:48.9789139+07:00 [INF] (Microsoft.EntityFrameworkCore.Database.Command) Executed DbCommand ("5"ms) [Parameters=[""], CommandType='Text', CommandTimeout='1200']"
""CREATE TABLE [ChiTietMenu] (
    [MaTiec] nvarchar(450) NOT NULL,
    [MaMenu] nvarchar(450) NOT NULL,
    [SoLuongMenuBan] int NOT NULL,
    [TongTien] float NOT NULL,
    [Id] nvarchar(max) NULL,
    [CreatedBy] nvarchar(max) NULL,
    [LastUpdatedBy] nvarchar(max) NULL,
    [DeletedBy] nvarchar(max) NULL,
    [CreatedTime] datetimeoffset NULL,
    [LastUpdatedTime] datetimeoffset NULL,
    [DeletedTime] datetimeoffset NULL,
    CONSTRAINT [PK_ChiTietMenu] PRIMARY KEY ([MaTiec], [MaMenu]),
    CONSTRAINT [FK_ChiTietMenu_DatTiec_MaTiec] FOREIGN KEY ([MaTiec]) REFERENCES [DatTiec] ([MaTiec]) ON DELETE CASCADE,
    CONSTRAINT [FK_ChiTietMenu_Menu_MaMenu] FOREIGN KEY ([MaMenu]) REFERENCES [Menu] ([MaMenu]) ON DELETE CASCADE
);"
2023-10-30T05:21:48.9824162+07:00 [INF] (Microsoft.EntityFrameworkCore.Database.Command) Executed DbCommand ("3"ms) [Parameters=[""], CommandType='Text', CommandTimeout='1200']"
""CREATE TABLE [LichSanhTiec] (
    [MaTiec] nvarchar(450) NOT NULL,
    [MaSanh] nvarchar(450) NOT NULL,
    [NgayToChuc] datetimeoffset NOT NULL,
    [Ca] nvarchar(max) NOT NULL,
    [TrangThai] nvarchar(max) NOT NULL,
    [Id] nvarchar(max) NULL,
    [CreatedBy] nvarchar(max) NULL,
    [LastUpdatedBy] nvarchar(max) NULL,
    [DeletedBy] nvarchar(max) NULL,
    [CreatedTime] datetimeoffset NULL,
    [LastUpdatedTime] datetimeoffset NULL,
    [DeletedTime] datetimeoffset NULL,
    CONSTRAINT [PK_LichSanhTiec] PRIMARY KEY ([MaTiec], [MaSanh]),
    CONSTRAINT [FK_LichSanhTiec_DatTiec_MaTiec] FOREIGN KEY ([MaTiec]) REFERENCES [DatTiec] ([MaTiec]) ON DELETE CASCADE,
    CONSTRAINT [FK_LichSanhTiec_Sanh_MaSanh] FOREIGN KEY ([MaSanh]) REFERENCES [Sanh] ([MaSanh]) ON DELETE CASCADE
);"
2023-10-30T05:21:48.9870189+07:00 [INF] (Microsoft.EntityFrameworkCore.Database.Command) Executed DbCommand ("4"ms) [Parameters=[""], CommandType='Text', CommandTimeout='1200']"
""CREATE TABLE [SuDungKhuyenMai] (
    [MaTiec] nvarchar(450) NOT NULL,
    [MaKM] nvarchar(450) NOT NULL,
    [Id] nvarchar(max) NULL,
    [CreatedBy] nvarchar(max) NULL,
    [LastUpdatedBy] nvarchar(max) NULL,
    [DeletedBy] nvarchar(max) NULL,
    [CreatedTime] datetimeoffset NULL,
    [LastUpdatedTime] datetimeoffset NULL,
    [DeletedTime] datetimeoffset NULL,
    CONSTRAINT [PK_SuDungKhuyenMai] PRIMARY KEY ([MaTiec], [MaKM]),
    CONSTRAINT [FK_SuDungKhuyenMai_DatTiec_MaTiec] FOREIGN KEY ([MaTiec]) REFERENCES [DatTiec] ([MaTiec]) ON DELETE CASCADE,
    CONSTRAINT [FK_SuDungKhuyenMai_KhuyenMai_MaKM] FOREIGN KEY ([MaKM]) REFERENCES [KhuyenMai] ([MaKM]) ON DELETE CASCADE
);"
2023-10-30T05:21:48.9957545+07:00 [INF] (Microsoft.EntityFrameworkCore.Database.Command) Executed DbCommand ("8"ms) [Parameters=[""], CommandType='Text', CommandTimeout='1200']"
""CREATE TABLE [MonAnTrongMenu] (
    [MaMenu] nvarchar(450) NOT NULL,
    [MaMonAn] nvarchar(450) NOT NULL,
    [SoLuongMon] int NOT NULL,
    [DonGia] float NOT NULL,
    [Id] nvarchar(max) NULL,
    [CreatedBy] nvarchar(max) NULL,
    [LastUpdatedBy] nvarchar(max) NULL,
    [DeletedBy] nvarchar(max) NULL,
    [CreatedTime] datetimeoffset NULL,
    [LastUpdatedTime] datetimeoffset NULL,
    [DeletedTime] datetimeoffset NULL,
    CONSTRAINT [PK_MonAnTrongMenu] PRIMARY KEY ([MaMenu], [MaMonAn]),
    CONSTRAINT [FK_MonAnTrongMenu_Menu_MaMenu] FOREIGN KEY ([MaMenu]) REFERENCES [Menu] ([MaMenu]) ON DELETE CASCADE,
    CONSTRAINT [FK_MonAnTrongMenu_MonAn_MaMonAn] FOREIGN KEY ([MaMonAn]) REFERENCES [MonAn] ([MaMonAn]) ON DELETE CASCADE
);"
2023-10-30T05:21:52.2056083+07:00 [INF] (Microsoft.EntityFrameworkCore.Database.Command) Executed DbCommand ("13"ms) [Parameters=[""], CommandType='Text', CommandTimeout='1200']"
""CREATE TABLE [ChiTietNuocUong] (
    [MaTiec] nvarchar(450) NOT NULL,
    [MaNuoc] nvarchar(450) NOT NULL,
    [SoLuong] int NOT NULL,
    [TongTien] float NOT NULL,
    [Id] nvarchar(max) NULL,
    [CreatedBy] nvarchar(max) NULL,
    [LastUpdatedBy] nvarchar(max) NULL,
    [DeletedBy] nvarchar(max) NULL,
    [CreatedTime] datetimeoffset NULL,
    [LastUpdatedTime] datetimeoffset NULL,
    [DeletedTime] datetimeoffset NULL,
    CONSTRAINT [PK_ChiTietNuocUong] PRIMARY KEY ([MaTiec], [MaNuoc]),
    CONSTRAINT [FK_ChiTietNuocUong_DatTiec_MaTiec] FOREIGN KEY ([MaTiec]) REFERENCES [DatTiec] ([MaTiec]) ON DELETE CASCADE,
    CONSTRAINT [FK_ChiTietNuocUong_Nuoc_MaNuoc] FOREIGN KEY ([MaNuoc]) REFERENCES [Nuoc] ([MaNuoc]) ON DELETE CASCADE
);"
2023-10-30T05:21:52.2073828+07:00 [INF] (Microsoft.EntityFrameworkCore.Database.Command) Executed DbCommand ("2"ms) [Parameters=[""], CommandType='Text', CommandTimeout='1200']"
""CREATE INDEX [IX_AccessToken_StrTokenId] ON [AccessToken] ([StrTokenId]);"
2023-10-30T05:21:52.2210464+07:00 [INF] (Microsoft.EntityFrameworkCore.Database.Command) Executed DbCommand ("13"ms) [Parameters=[""], CommandType='Text', CommandTimeout='1200']"
""CREATE INDEX [IX_AccessToken_userName] ON [AccessToken] ([userName]);"
2023-10-30T05:21:52.2224199+07:00 [INF] (Microsoft.EntityFrameworkCore.Database.Command) Executed DbCommand ("1"ms) [Parameters=[""], CommandType='Text', CommandTimeout='1200']"
""CREATE INDEX [IX_ChiTietDichVu_MaDichVu] ON [ChiTietDichVu] ([MaDichVu]);"
2023-10-30T05:21:52.2238142+07:00 [INF] (Microsoft.EntityFrameworkCore.Database.Command) Executed DbCommand ("1"ms) [Parameters=[""], CommandType='Text', CommandTimeout='1200']"
""CREATE INDEX [IX_ChiTietMenu_MaMenu] ON [ChiTietMenu] ([MaMenu]);"
2023-10-30T05:21:52.2250686+07:00 [INF] (Microsoft.EntityFrameworkCore.Database.Command) Executed DbCommand ("1"ms) [Parameters=[""], CommandType='Text', CommandTimeout='1200']"
""CREATE INDEX [IX_ChiTietNuocUong_MaNuoc] ON [ChiTietNuocUong] ([MaNuoc]);"
2023-10-30T05:21:52.2261128+07:00 [INF] (Microsoft.EntityFrameworkCore.Database.Command) Executed DbCommand ("1"ms) [Parameters=[""], CommandType='Text', CommandTimeout='1200']"
""CREATE INDEX [IX_DatTiec_KhachHangsMaKhachHang] ON [DatTiec] ([KhachHangsMaKhachHang]);"
2023-10-30T05:21:52.2271701+07:00 [INF] (Microsoft.EntityFrameworkCore.Database.Command) Executed DbCommand ("1"ms) [Parameters=[""], CommandType='Text', CommandTimeout='1200']"
""CREATE INDEX [IX_LichSanhTiec_MaSanh] ON [LichSanhTiec] ([MaSanh]);"
2023-10-30T05:21:52.2353538+07:00 [INF] (Microsoft.EntityFrameworkCore.Database.Command) Executed DbCommand ("8"ms) [Parameters=[""], CommandType='Text', CommandTimeout='1200']"
""CREATE INDEX [IX_MonAn_LoaiMonAnsMaLoaiMon] ON [MonAn] ([LoaiMonAnsMaLoaiMon]);"
2023-10-30T05:21:52.2510569+07:00 [INF] (Microsoft.EntityFrameworkCore.Database.Command) Executed DbCommand ("15"ms) [Parameters=[""], CommandType='Text', CommandTimeout='1200']"
""CREATE INDEX [IX_MonAnTrongMenu_MaMonAn] ON [MonAnTrongMenu] ([MaMonAn]);"
2023-10-30T05:21:52.2523956+07:00 [INF] (Microsoft.EntityFrameworkCore.Database.Command) Executed DbCommand ("1"ms) [Parameters=[""], CommandType='Text', CommandTimeout='1200']"
""CREATE INDEX [IX_Nuoc_LoaiNuocsMaLoaiNuoc] ON [Nuoc] ([LoaiNuocsMaLoaiNuoc]);"
2023-10-30T05:21:52.2537485+07:00 [INF] (Microsoft.EntityFrameworkCore.Database.Command) Executed DbCommand ("1"ms) [Parameters=[""], CommandType='Text', CommandTimeout='1200']"
""CREATE INDEX [IX_RefreshToken_StrTokenId] ON [RefreshToken] ([StrTokenId]);"
2023-10-30T05:21:52.2654318+07:00 [INF] (Microsoft.EntityFrameworkCore.Database.Command) Executed DbCommand ("11"ms) [Parameters=[""], CommandType='Text', CommandTimeout='1200']"
""CREATE INDEX [IX_RefreshToken_userName] ON [RefreshToken] ([userName]);"
2023-10-30T05:21:52.2803403+07:00 [INF] (Microsoft.EntityFrameworkCore.Database.Command) Executed DbCommand ("15"ms) [Parameters=[""], CommandType='Text', CommandTimeout='1200']"
""CREATE INDEX [IX_SuDungKhuyenMai_MaKM] ON [SuDungKhuyenMai] ([MaKM]);"
2023-10-30T05:21:52.3132453+07:00 [INF] (Microsoft.EntityFrameworkCore.Database.Command) Executed DbCommand ("33"ms) [Parameters=[""], CommandType='Text', CommandTimeout='1200']"
""INSERT INTO [__EFMigrationsHistory] ([MigrationId], [ProductVersion])
VALUES (N'20231029222129_AddDB', N'7.0.9');"
2023-10-30T05:44:03.7385158+07:00 [INF] (Microsoft.EntityFrameworkCore.Database.Command) Executed DbCommand ("806"ms) [Parameters=[""], CommandType='Text', CommandTimeout='1200']"
""CREATE DATABASE [DB_WeddingRestaurant];"
2023-10-30T05:44:03.8647342+07:00 [INF] (Microsoft.EntityFrameworkCore.Database.Command) Executed DbCommand ("39"ms) [Parameters=[""], CommandType='Text', CommandTimeout='1200']"
""IF SERVERPROPERTY('EngineEdition') <> 5
BEGIN
    ALTER DATABASE [DB_WeddingRestaurant] SET READ_COMMITTED_SNAPSHOT ON;
END;"
2023-10-30T05:44:03.8838448+07:00 [INF] (Microsoft.EntityFrameworkCore.Database.Command) Executed DbCommand ("5"ms) [Parameters=[""], CommandType='Text', CommandTimeout='1200']"
""SELECT 1"
2023-10-30T05:44:04.3081522+07:00 [INF] (Microsoft.EntityFrameworkCore.Database.Command) Executed DbCommand ("334"ms) [Parameters=[""], CommandType='Text', CommandTimeout='1200']"
""CREATE TABLE [__EFMigrationsHistory] (
    [MigrationId] nvarchar(150) NOT NULL,
    [ProductVersion] nvarchar(32) NOT NULL,
    CONSTRAINT [PK___EFMigrationsHistory] PRIMARY KEY ([MigrationId])
);"
2023-10-30T05:44:04.3998281+07:00 [INF] (Microsoft.EntityFrameworkCore.Database.Command) Executed DbCommand ("90"ms) [Parameters=[""], CommandType='Text', CommandTimeout='1200']"
""SELECT 1"
2023-10-30T05:44:04.4262775+07:00 [INF] (Microsoft.EntityFrameworkCore.Database.Command) Executed DbCommand ("19"ms) [Parameters=[""], CommandType='Text', CommandTimeout='1200']"
""SELECT OBJECT_ID(N'[__EFMigrationsHistory]');"
2023-10-30T05:44:04.4324894+07:00 [INF] (Microsoft.EntityFrameworkCore.Database.Command) Executed DbCommand ("4"ms) [Parameters=[""], CommandType='Text', CommandTimeout='1200']"
""SELECT [MigrationId], [ProductVersion]
FROM [__EFMigrationsHistory]
ORDER BY [MigrationId];"
2023-10-30T05:44:04.4469781+07:00 [INF] (Microsoft.EntityFrameworkCore.Migrations) Applying migration '"20231029224349_AddDB"'.
2023-10-30T05:44:04.6492251+07:00 [INF] (Microsoft.EntityFrameworkCore.Database.Command) Executed DbCommand ("124"ms) [Parameters=[""], CommandType='Text', CommandTimeout='1200']"
""CREATE TABLE [DichVu] (
    [MaDichVu] nvarchar(450) NOT NULL,
    [TenDichVu] nvarchar(max) NOT NULL,
    [DonGiaDichVu] float NOT NULL,
    [Id] nvarchar(max) NOT NULL,
    [CreatedBy] nvarchar(max) NULL,
    [LastUpdatedBy] nvarchar(max) NULL,
    [DeletedBy] nvarchar(max) NULL,
    [CreatedTime] datetimeoffset NULL,
    [LastUpdatedTime] datetimeoffset NULL,
    [DeletedTime] datetimeoffset NULL,
    CONSTRAINT [PK_DichVu] PRIMARY KEY ([MaDichVu])
);"
2023-10-30T05:44:04.6524378+07:00 [INF] (Microsoft.EntityFrameworkCore.Database.Command) Executed DbCommand ("2"ms) [Parameters=[""], CommandType='Text', CommandTimeout='1200']"
""CREATE TABLE [KhachHang] (
    [MaKhachHang] nvarchar(450) NOT NULL,
    [TenKhachHang] nvarchar(max) NOT NULL,
    [SoDienThoai] nvarchar(max) NOT NULL,
    [NgaySinh] nvarchar(max) NOT NULL,
    [CCCD] nvarchar(max) NOT NULL,
    [Gmail] nvarchar(max) NOT NULL,
    [LoaiKH] nvarchar(max) NULL,
    [Id] nvarchar(max) NOT NULL,
    [CreatedBy] nvarchar(max) NULL,
    [LastUpdatedBy] nvarchar(max) NULL,
    [DeletedBy] nvarchar(max) NULL,
    [CreatedTime] datetimeoffset NULL,
    [LastUpdatedTime] datetimeoffset NULL,
    [DeletedTime] datetimeoffset NULL,
    CONSTRAINT [PK_KhachHang] PRIMARY KEY ([MaKhachHang])
);"
2023-10-30T05:44:04.6550815+07:00 [INF] (Microsoft.EntityFrameworkCore.Database.Command) Executed DbCommand ("2"ms) [Parameters=[""], CommandType='Text', CommandTimeout='1200']"
""CREATE TABLE [KhuyenMai] (
    [MaKM] nvarchar(450) NOT NULL,
    [DieuKien] nvarchar(max) NOT NULL,
    [GiaTri] float NOT NULL,
    [MoTa] nvarchar(max) NOT NULL,
    [Id] nvarchar(max) NOT NULL,
    [CreatedBy] nvarchar(max) NULL,
    [LastUpdatedBy] nvarchar(max) NULL,
    [DeletedBy] nvarchar(max) NULL,
    [CreatedTime] datetimeoffset NULL,
    [LastUpdatedTime] datetimeoffset NULL,
    [DeletedTime] datetimeoffset NULL,
    CONSTRAINT [PK_KhuyenMai] PRIMARY KEY ([MaKM])
);"
2023-10-30T05:44:04.6571947+07:00 [INF] (Microsoft.EntityFrameworkCore.Database.Command) Executed DbCommand ("2"ms) [Parameters=[""], CommandType='Text', CommandTimeout='1200']"
""CREATE TABLE [LoaiMonAn] (
    [MaLoaiMon] nvarchar(450) NOT NULL,
    [TenLoaiMon] nvarchar(max) NOT NULL,
    [Id] nvarchar(max) NOT NULL,
    [CreatedBy] nvarchar(max) NULL,
    [LastUpdatedBy] nvarchar(max) NULL,
    [DeletedBy] nvarchar(max) NULL,
    [CreatedTime] datetimeoffset NULL,
    [LastUpdatedTime] datetimeoffset NULL,
    [DeletedTime] datetimeoffset NULL,
    CONSTRAINT [PK_LoaiMonAn] PRIMARY KEY ([MaLoaiMon])
);"
2023-10-30T05:44:04.6591538+07:00 [INF] (Microsoft.EntityFrameworkCore.Database.Command) Executed DbCommand ("2"ms) [Parameters=[""], CommandType='Text', CommandTimeout='1200']"
""CREATE TABLE [LoaiNuoc] (
    [MaLoaiNuoc] nvarchar(450) NOT NULL,
    [TenLoaiNuoc] nvarchar(max) NOT NULL,
    [Id] nvarchar(max) NOT NULL,
    [CreatedBy] nvarchar(max) NULL,
    [LastUpdatedBy] nvarchar(max) NULL,
    [DeletedBy] nvarchar(max) NULL,
    [CreatedTime] datetimeoffset NULL,
    [LastUpdatedTime] datetimeoffset NULL,
    [DeletedTime] datetimeoffset NULL,
    CONSTRAINT [PK_LoaiNuoc] PRIMARY KEY ([MaLoaiNuoc])
);"
2023-10-30T05:44:04.6650375+07:00 [INF] (Microsoft.EntityFrameworkCore.Database.Command) Executed DbCommand ("6"ms) [Parameters=[""], CommandType='Text', CommandTimeout='1200']"
""CREATE TABLE [Menu] (
    [MaMenu] nvarchar(450) NOT NULL,
    [DonGiaMenu] float NOT NULL,
    [Id] nvarchar(max) NOT NULL,
    [CreatedBy] nvarchar(max) NULL,
    [LastUpdatedBy] nvarchar(max) NULL,
    [DeletedBy] nvarchar(max) NULL,
    [CreatedTime] datetimeoffset NULL,
    [LastUpdatedTime] datetimeoffset NULL,
    [DeletedTime] datetimeoffset NULL,
    CONSTRAINT [PK_Menu] PRIMARY KEY ([MaMenu])
);"
2023-10-30T05:44:04.6667143+07:00 [INF] (Microsoft.EntityFrameworkCore.Database.Command) Executed DbCommand ("1"ms) [Parameters=[""], CommandType='Text', CommandTimeout='1200']"
""CREATE TABLE [NguoiDung] (
    [userName] nvarchar(450) NOT NULL,
    [password] nvarchar(max) NOT NULL,
    [quyen] nvarchar(max) NOT NULL,
    [hoTen] nvarchar(max) NOT NULL,
    [sdt] nvarchar(max) NOT NULL,
    [email] nvarchar(max) NOT NULL,
    [Id] nvarchar(max) NOT NULL,
    [CreatedBy] nvarchar(max) NULL,
    [LastUpdatedBy] nvarchar(max) NULL,
    [DeletedBy] nvarchar(max) NULL,
    [CreatedTime] datetimeoffset NULL,
    [LastUpdatedTime] datetimeoffset NULL,
    [DeletedTime] datetimeoffset NULL,
    CONSTRAINT [PK_NguoiDung] PRIMARY KEY ([userName])
);"
2023-10-30T05:44:05.0723501+07:00 [INF] (Microsoft.EntityFrameworkCore.Database.Command) Executed DbCommand ("78"ms) [Parameters=[""], CommandType='Text', CommandTimeout='1200']"
""CREATE TABLE [Sanh] (
    [MaSanh] nvarchar(450) NOT NULL,
    [TenSanh] nvarchar(max) NOT NULL,
    [SucChucToiThieu] int NOT NULL,
    [SucChucToiDa] int NOT NULL,
    [Id] nvarchar(max) NOT NULL,
    [CreatedBy] nvarchar(max) NULL,
    [LastUpdatedBy] nvarchar(max) NULL,
    [DeletedBy] nvarchar(max) NULL,
    [CreatedTime] datetimeoffset NULL,
    [LastUpdatedTime] datetimeoffset NULL,
    [DeletedTime] datetimeoffset NULL,
    CONSTRAINT [PK_Sanh] PRIMARY KEY ([MaSanh])
);"
2023-10-30T05:44:05.0888616+07:00 [INF] (Microsoft.EntityFrameworkCore.Database.Command) Executed DbCommand ("16"ms) [Parameters=[""], CommandType='Text', CommandTimeout='1200']"
""CREATE TABLE [Token] (
    [Id] nvarchar(450) NOT NULL,
    [AccessToken] nvarchar(max) NOT NULL,
    [RefreshToken] nvarchar(max) NOT NULL,
    [CreatedBy] nvarchar(max) NULL,
    [LastUpdatedBy] nvarchar(max) NULL,
    [DeletedBy] nvarchar(max) NULL,
    [CreatedTime] datetimeoffset NULL,
    [LastUpdatedTime] datetimeoffset NULL,
    [DeletedTime] datetimeoffset NULL,
    CONSTRAINT [PK_Token] PRIMARY KEY ([Id])
);"
2023-10-30T05:44:05.1213915+07:00 [INF] (Microsoft.EntityFrameworkCore.Database.Command) Executed DbCommand ("32"ms) [Parameters=[""], CommandType='Text', CommandTimeout='1200']"
""CREATE TABLE [DatTiec] (
    [MaTiec] nvarchar(450) NOT NULL,
    [TenTiec] nvarchar(max) NOT NULL,
    [SoBan] int NOT NULL,
    [PhiDichVu] float NOT NULL,
    [NgayDatTiec] datetimeoffset NOT NULL,
    [NgayToChuc] datetimeoffset NOT NULL,
    [TrangThai] nvarchar(max) NOT NULL,
    [MaKhachHang] nvarchar(max) NOT NULL,
    [KhachHangsMaKhachHang] nvarchar(450) NULL,
    [Id] nvarchar(max) NOT NULL,
    [CreatedBy] nvarchar(max) NULL,
    [LastUpdatedBy] nvarchar(max) NULL,
    [DeletedBy] nvarchar(max) NULL,
    [CreatedTime] datetimeoffset NULL,
    [LastUpdatedTime] datetimeoffset NULL,
    [DeletedTime] datetimeoffset NULL,
    CONSTRAINT [PK_DatTiec] PRIMARY KEY ([MaTiec]),
    CONSTRAINT [FK_DatTiec_KhachHang_KhachHangsMaKhachHang] FOREIGN KEY ([KhachHangsMaKhachHang]) REFERENCES [KhachHang] ([MaKhachHang])
);"
2023-10-30T05:44:05.1227798+07:00 [INF] (Microsoft.EntityFrameworkCore.Database.Command) Executed DbCommand ("1"ms) [Parameters=[""], CommandType='Text', CommandTimeout='1200']"
""CREATE TABLE [MonAn] (
    [MaMonAn] nvarchar(450) NOT NULL,
    [TenMonAn] nvarchar(max) NOT NULL,
    [DonGia] float NOT NULL,
    [DVT] nvarchar(max) NOT NULL,
    [MaLoaiMon] nvarchar(max) NOT NULL,
    [LoaiMonAnsMaLoaiMon] nvarchar(450) NULL,
    [Id] nvarchar(max) NOT NULL,
    [CreatedBy] nvarchar(max) NULL,
    [LastUpdatedBy] nvarchar(max) NULL,
    [DeletedBy] nvarchar(max) NULL,
    [CreatedTime] datetimeoffset NULL,
    [LastUpdatedTime] datetimeoffset NULL,
    [DeletedTime] datetimeoffset NULL,
    CONSTRAINT [PK_MonAn] PRIMARY KEY ([MaMonAn]),
    CONSTRAINT [FK_MonAn_LoaiMonAn_LoaiMonAnsMaLoaiMon] FOREIGN KEY ([LoaiMonAnsMaLoaiMon]) REFERENCES [LoaiMonAn] ([MaLoaiMon])
);"
2023-10-30T05:44:06.0670999+07:00 [INF] (Microsoft.EntityFrameworkCore.Database.Command) Executed DbCommand ("944"ms) [Parameters=[""], CommandType='Text', CommandTimeout='1200']"
""CREATE TABLE [Nuoc] (
    [MaNuoc] nvarchar(450) NOT NULL,
    [TenNuoc] nvarchar(max) NOT NULL,
    [DonGia] float NOT NULL,
    [DVT] nvarchar(max) NOT NULL,
    [MaLoaiNuoc] nvarchar(max) NOT NULL,
    [LoaiNuocsMaLoaiNuoc] nvarchar(450) NULL,
    [Id] nvarchar(max) NOT NULL,
    [CreatedBy] nvarchar(max) NULL,
    [LastUpdatedBy] nvarchar(max) NULL,
    [DeletedBy] nvarchar(max) NULL,
    [CreatedTime] datetimeoffset NULL,
    [LastUpdatedTime] datetimeoffset NULL,
    [DeletedTime] datetimeoffset NULL,
    CONSTRAINT [PK_Nuoc] PRIMARY KEY ([MaNuoc]),
    CONSTRAINT [FK_Nuoc_LoaiNuoc_LoaiNuocsMaLoaiNuoc] FOREIGN KEY ([LoaiNuocsMaLoaiNuoc]) REFERENCES [LoaiNuoc] ([MaLoaiNuoc])
);"
2023-10-30T05:44:06.0703210+07:00 [INF] (Microsoft.EntityFrameworkCore.Database.Command) Executed DbCommand ("3"ms) [Parameters=[""], CommandType='Text', CommandTimeout='1200']"
""CREATE TABLE [AccessToken] (
    [Id] nvarchar(450) NOT NULL,
    [Token] nvarchar(max) NOT NULL,
    [StrTokenId] nvarchar(450) NULL,
    [userName] nvarchar(450) NOT NULL,
    [IsUsed] bit NOT NULL,
    [IsRevoked] bit NOT NULL,
    [ExpireAt] datetime2 NOT NULL,
    [CreatedBy] nvarchar(max) NULL,
    [LastUpdatedBy] nvarchar(max) NULL,
    [DeletedBy] nvarchar(max) NULL,
    [CreatedTime] datetimeoffset NULL,
    [LastUpdatedTime] datetimeoffset NULL,
    [DeletedTime] datetimeoffset NULL,
    CONSTRAINT [PK_AccessToken] PRIMARY KEY ([Id]),
    CONSTRAINT [FK_AccessToken_NguoiDung_userName] FOREIGN KEY ([userName]) REFERENCES [NguoiDung] ([userName]) ON DELETE CASCADE,
    CONSTRAINT [FK_AccessToken_Token_StrTokenId] FOREIGN KEY ([StrTokenId]) REFERENCES [Token] ([Id])
);"
2023-10-30T05:44:08.1913030+07:00 [INF] (Microsoft.EntityFrameworkCore.Database.Command) Executed DbCommand ("2"ms) [Parameters=[""], CommandType='Text', CommandTimeout='1200']"
""CREATE TABLE [RefreshToken] (
    [Id] nvarchar(450) NOT NULL,
    [Token] nvarchar(max) NOT NULL,
    [StrTokenId] nvarchar(450) NULL,
    [userName] nvarchar(450) NOT NULL,
    [JwtID] nvarchar(max) NOT NULL,
    [IsUsed] bit NOT NULL,
    [IsRevoked] bit NOT NULL,
    [ExpireAt] datetime2 NOT NULL,
    [CreatedBy] nvarchar(max) NULL,
    [LastUpdatedBy] nvarchar(max) NULL,
    [DeletedBy] nvarchar(max) NULL,
    [CreatedTime] datetimeoffset NULL,
    [LastUpdatedTime] datetimeoffset NULL,
    [DeletedTime] datetimeoffset NULL,
    CONSTRAINT [PK_RefreshToken] PRIMARY KEY ([Id]),
    CONSTRAINT [FK_RefreshToken_NguoiDung_userName] FOREIGN KEY ([userName]) REFERENCES [NguoiDung] ([userName]) ON DELETE CASCADE,
    CONSTRAINT [FK_RefreshToken_Token_StrTokenId] FOREIGN KEY ([StrTokenId]) REFERENCES [Token] ([Id])
);"
2023-10-30T05:44:08.2202776+07:00 [INF] (Microsoft.EntityFrameworkCore.Database.Command) Executed DbCommand ("29"ms) [Parameters=[""], CommandType='Text', CommandTimeout='1200']"
""CREATE TABLE [ChiTietDichVu] (
    [MaTiec] nvarchar(450) NOT NULL,
    [MaDichVu] nvarchar(450) NOT NULL,
    [TongTien] float NOT NULL,
    [Id] nvarchar(max) NULL,
    [CreatedBy] nvarchar(max) NULL,
    [LastUpdatedBy] nvarchar(max) NULL,
    [DeletedBy] nvarchar(max) NULL,
    [CreatedTime] datetimeoffset NULL,
    [LastUpdatedTime] datetimeoffset NULL,
    [DeletedTime] datetimeoffset NULL,
    CONSTRAINT [PK_ChiTietDichVu] PRIMARY KEY ([MaTiec], [MaDichVu]),
    CONSTRAINT [FK_ChiTietDichVu_DatTiec_MaTiec] FOREIGN KEY ([MaTiec]) REFERENCES [DatTiec] ([MaTiec]) ON DELETE CASCADE,
    CONSTRAINT [FK_ChiTietDichVu_DichVu_MaDichVu] FOREIGN KEY ([MaDichVu]) REFERENCES [DichVu] ([MaDichVu]) ON DELETE CASCADE
);"
2023-10-30T05:44:08.7496488+07:00 [INF] (Microsoft.EntityFrameworkCore.Database.Command) Executed DbCommand ("529"ms) [Parameters=[""], CommandType='Text', CommandTimeout='1200']"
""CREATE TABLE [ChiTietMenu] (
    [MaTiec] nvarchar(450) NOT NULL,
    [MaMenu] nvarchar(450) NOT NULL,
    [SoLuongMenuBan] int NOT NULL,
    [TongTien] float NOT NULL,
    [Id] nvarchar(max) NULL,
    [CreatedBy] nvarchar(max) NULL,
    [LastUpdatedBy] nvarchar(max) NULL,
    [DeletedBy] nvarchar(max) NULL,
    [CreatedTime] datetimeoffset NULL,
    [LastUpdatedTime] datetimeoffset NULL,
    [DeletedTime] datetimeoffset NULL,
    CONSTRAINT [PK_ChiTietMenu] PRIMARY KEY ([MaTiec], [MaMenu]),
    CONSTRAINT [FK_ChiTietMenu_DatTiec_MaTiec] FOREIGN KEY ([MaTiec]) REFERENCES [DatTiec] ([MaTiec]) ON DELETE CASCADE,
    CONSTRAINT [FK_ChiTietMenu_Menu_MaMenu] FOREIGN KEY ([MaMenu]) REFERENCES [Menu] ([MaMenu]) ON DELETE CASCADE
);"
2023-10-30T05:44:08.7532793+07:00 [INF] (Microsoft.EntityFrameworkCore.Database.Command) Executed DbCommand ("3"ms) [Parameters=[""], CommandType='Text', CommandTimeout='1200']"
""CREATE TABLE [LichSanhTiec] (
    [MaTiec] nvarchar(450) NOT NULL,
    [MaSanh] nvarchar(450) NOT NULL,
    [NgayToChuc] datetimeoffset NOT NULL,
    [Ca] nvarchar(max) NOT NULL,
    [TrangThai] nvarchar(max) NOT NULL,
    [Id] nvarchar(max) NULL,
    [CreatedBy] nvarchar(max) NULL,
    [LastUpdatedBy] nvarchar(max) NULL,
    [DeletedBy] nvarchar(max) NULL,
    [CreatedTime] datetimeoffset NULL,
    [LastUpdatedTime] datetimeoffset NULL,
    [DeletedTime] datetimeoffset NULL,
    CONSTRAINT [PK_LichSanhTiec] PRIMARY KEY ([MaTiec], [MaSanh]),
    CONSTRAINT [FK_LichSanhTiec_DatTiec_MaTiec] FOREIGN KEY ([MaTiec]) REFERENCES [DatTiec] ([MaTiec]) ON DELETE CASCADE,
    CONSTRAINT [FK_LichSanhTiec_Sanh_MaSanh] FOREIGN KEY ([MaSanh]) REFERENCES [Sanh] ([MaSanh]) ON DELETE CASCADE
);"
2023-10-30T05:44:11.1337847+07:00 [INF] (Microsoft.EntityFrameworkCore.Database.Command) Executed DbCommand ("3"ms) [Parameters=[""], CommandType='Text', CommandTimeout='1200']"
""CREATE TABLE [PhatSinhTrongTiec] (
    [MaPhatSinh] nvarchar(450) NOT NULL,
    [MoTa] nvarchar(max) NOT NULL,
    [SoLuong] int NOT NULL,
    [NgayDienRa] datetimeoffset NOT NULL,
    [DonGiaPhatSinh] float NOT NULL,
    [MaTiec] nvarchar(max) NOT NULL,
    [DatTiecsMaTiec] nvarchar(450) NULL,
    [Id] nvarchar(max) NOT NULL,
    [CreatedBy] nvarchar(max) NULL,
    [LastUpdatedBy] nvarchar(max) NULL,
    [DeletedBy] nvarchar(max) NULL,
    [CreatedTime] datetimeoffset NULL,
    [LastUpdatedTime] datetimeoffset NULL,
    [DeletedTime] datetimeoffset NULL,
    CONSTRAINT [PK_PhatSinhTrongTiec] PRIMARY KEY ([MaPhatSinh]),
    CONSTRAINT [FK_PhatSinhTrongTiec_DatTiec_DatTiecsMaTiec] FOREIGN KEY ([DatTiecsMaTiec]) REFERENCES [DatTiec] ([MaTiec])
);"
2023-10-30T05:44:11.2666758+07:00 [INF] (Microsoft.EntityFrameworkCore.Database.Command) Executed DbCommand ("133"ms) [Parameters=[""], CommandType='Text', CommandTimeout='1200']"
""CREATE TABLE [SuDungKhuyenMai] (
    [MaTiec] nvarchar(450) NOT NULL,
    [MaKM] nvarchar(450) NOT NULL,
    [Id] nvarchar(max) NULL,
    [CreatedBy] nvarchar(max) NULL,
    [LastUpdatedBy] nvarchar(max) NULL,
    [DeletedBy] nvarchar(max) NULL,
    [CreatedTime] datetimeoffset NULL,
    [LastUpdatedTime] datetimeoffset NULL,
    [DeletedTime] datetimeoffset NULL,
    CONSTRAINT [PK_SuDungKhuyenMai] PRIMARY KEY ([MaTiec], [MaKM]),
    CONSTRAINT [FK_SuDungKhuyenMai_DatTiec_MaTiec] FOREIGN KEY ([MaTiec]) REFERENCES [DatTiec] ([MaTiec]) ON DELETE CASCADE,
    CONSTRAINT [FK_SuDungKhuyenMai_KhuyenMai_MaKM] FOREIGN KEY ([MaKM]) REFERENCES [KhuyenMai] ([MaKM]) ON DELETE CASCADE
);"
2023-10-30T05:44:11.2709119+07:00 [INF] (Microsoft.EntityFrameworkCore.Database.Command) Executed DbCommand ("4"ms) [Parameters=[""], CommandType='Text', CommandTimeout='1200']"
""CREATE TABLE [MonAnTrongMenu] (
    [MaMenu] nvarchar(450) NOT NULL,
    [MaMonAn] nvarchar(450) NOT NULL,
    [SoLuongMon] int NOT NULL,
    [DonGia] float NOT NULL,
    [Id] nvarchar(max) NULL,
    [CreatedBy] nvarchar(max) NULL,
    [LastUpdatedBy] nvarchar(max) NULL,
    [DeletedBy] nvarchar(max) NULL,
    [CreatedTime] datetimeoffset NULL,
    [LastUpdatedTime] datetimeoffset NULL,
    [DeletedTime] datetimeoffset NULL,
    CONSTRAINT [PK_MonAnTrongMenu] PRIMARY KEY ([MaMenu], [MaMonAn]),
    CONSTRAINT [FK_MonAnTrongMenu_Menu_MaMenu] FOREIGN KEY ([MaMenu]) REFERENCES [Menu] ([MaMenu]) ON DELETE CASCADE,
    CONSTRAINT [FK_MonAnTrongMenu_MonAn_MaMonAn] FOREIGN KEY ([MaMonAn]) REFERENCES [MonAn] ([MaMonAn]) ON DELETE CASCADE
);"
2023-10-30T05:44:11.2753641+07:00 [INF] (Microsoft.EntityFrameworkCore.Database.Command) Executed DbCommand ("4"ms) [Parameters=[""], CommandType='Text', CommandTimeout='1200']"
""CREATE TABLE [ChiTietNuocUong] (
    [MaTiec] nvarchar(450) NOT NULL,
    [MaNuoc] nvarchar(450) NOT NULL,
    [SoLuong] int NOT NULL,
    [TongTien] float NOT NULL,
    [Id] nvarchar(max) NULL,
    [CreatedBy] nvarchar(max) NULL,
    [LastUpdatedBy] nvarchar(max) NULL,
    [DeletedBy] nvarchar(max) NULL,
    [CreatedTime] datetimeoffset NULL,
    [LastUpdatedTime] datetimeoffset NULL,
    [DeletedTime] datetimeoffset NULL,
    CONSTRAINT [PK_ChiTietNuocUong] PRIMARY KEY ([MaTiec], [MaNuoc]),
    CONSTRAINT [FK_ChiTietNuocUong_DatTiec_MaTiec] FOREIGN KEY ([MaTiec]) REFERENCES [DatTiec] ([MaTiec]) ON DELETE CASCADE,
    CONSTRAINT [FK_ChiTietNuocUong_Nuoc_MaNuoc] FOREIGN KEY ([MaNuoc]) REFERENCES [Nuoc] ([MaNuoc]) ON DELETE CASCADE
);"
2023-10-30T05:44:11.2790198+07:00 [INF] (Microsoft.EntityFrameworkCore.Database.Command) Executed DbCommand ("4"ms) [Parameters=[""], CommandType='Text', CommandTimeout='1200']"
""CREATE INDEX [IX_AccessToken_StrTokenId] ON [AccessToken] ([StrTokenId]);"
2023-10-30T05:44:11.2798863+07:00 [INF] (Microsoft.EntityFrameworkCore.Database.Command) Executed DbCommand ("1"ms) [Parameters=[""], CommandType='Text', CommandTimeout='1200']"
""CREATE INDEX [IX_AccessToken_userName] ON [AccessToken] ([userName]);"
2023-10-30T05:44:11.2805940+07:00 [INF] (Microsoft.EntityFrameworkCore.Database.Command) Executed DbCommand ("1"ms) [Parameters=[""], CommandType='Text', CommandTimeout='1200']"
""CREATE INDEX [IX_ChiTietDichVu_MaDichVu] ON [ChiTietDichVu] ([MaDichVu]);"
2023-10-30T05:44:11.2813204+07:00 [INF] (Microsoft.EntityFrameworkCore.Database.Command) Executed DbCommand ("1"ms) [Parameters=[""], CommandType='Text', CommandTimeout='1200']"
""CREATE INDEX [IX_ChiTietMenu_MaMenu] ON [ChiTietMenu] ([MaMenu]);"
2023-10-30T05:44:13.7250027+07:00 [INF] (Microsoft.EntityFrameworkCore.Database.Command) Executed DbCommand ("1"ms) [Parameters=[""], CommandType='Text', CommandTimeout='1200']"
""CREATE INDEX [IX_ChiTietNuocUong_MaNuoc] ON [ChiTietNuocUong] ([MaNuoc]);"
2023-10-30T05:44:13.7264223+07:00 [INF] (Microsoft.EntityFrameworkCore.Database.Command) Executed DbCommand ("1"ms) [Parameters=[""], CommandType='Text', CommandTimeout='1200']"
""CREATE INDEX [IX_DatTiec_KhachHangsMaKhachHang] ON [DatTiec] ([KhachHangsMaKhachHang]);"
2023-10-30T05:44:13.7366276+07:00 [INF] (Microsoft.EntityFrameworkCore.Database.Command) Executed DbCommand ("10"ms) [Parameters=[""], CommandType='Text', CommandTimeout='1200']"
""CREATE INDEX [IX_LichSanhTiec_MaSanh] ON [LichSanhTiec] ([MaSanh]);"
2023-10-30T05:44:13.7378314+07:00 [INF] (Microsoft.EntityFrameworkCore.Database.Command) Executed DbCommand ("1"ms) [Parameters=[""], CommandType='Text', CommandTimeout='1200']"
""CREATE INDEX [IX_MonAn_LoaiMonAnsMaLoaiMon] ON [MonAn] ([LoaiMonAnsMaLoaiMon]);"
2023-10-30T05:44:13.7388775+07:00 [INF] (Microsoft.EntityFrameworkCore.Database.Command) Executed DbCommand ("1"ms) [Parameters=[""], CommandType='Text', CommandTimeout='1200']"
""CREATE INDEX [IX_MonAnTrongMenu_MaMonAn] ON [MonAnTrongMenu] ([MaMonAn]);"
2023-10-30T05:44:13.7399458+07:00 [INF] (Microsoft.EntityFrameworkCore.Database.Command) Executed DbCommand ("1"ms) [Parameters=[""], CommandType='Text', CommandTimeout='1200']"
""CREATE INDEX [IX_Nuoc_LoaiNuocsMaLoaiNuoc] ON [Nuoc] ([LoaiNuocsMaLoaiNuoc]);"
2023-10-30T05:44:13.7409870+07:00 [INF] (Microsoft.EntityFrameworkCore.Database.Command) Executed DbCommand ("1"ms) [Parameters=[""], CommandType='Text', CommandTimeout='1200']"
""CREATE INDEX [IX_PhatSinhTrongTiec_DatTiecsMaTiec] ON [PhatSinhTrongTiec] ([DatTiecsMaTiec]);"
2023-10-30T05:44:13.7419780+07:00 [INF] (Microsoft.EntityFrameworkCore.Database.Command) Executed DbCommand ("1"ms) [Parameters=[""], CommandType='Text', CommandTimeout='1200']"
""CREATE INDEX [IX_RefreshToken_StrTokenId] ON [RefreshToken] ([StrTokenId]);"
2023-10-30T05:44:13.7430958+07:00 [INF] (Microsoft.EntityFrameworkCore.Database.Command) Executed DbCommand ("1"ms) [Parameters=[""], CommandType='Text', CommandTimeout='1200']"
""CREATE INDEX [IX_RefreshToken_userName] ON [RefreshToken] ([userName]);"
2023-10-30T05:44:13.7441474+07:00 [INF] (Microsoft.EntityFrameworkCore.Database.Command) Executed DbCommand ("1"ms) [Parameters=[""], CommandType='Text', CommandTimeout='1200']"
""CREATE INDEX [IX_SuDungKhuyenMai_MaKM] ON [SuDungKhuyenMai] ([MaKM]);"
2023-10-30T05:44:13.7506889+07:00 [INF] (Microsoft.EntityFrameworkCore.Database.Command) Executed DbCommand ("6"ms) [Parameters=[""], CommandType='Text', CommandTimeout='1200']"
""INSERT INTO [__EFMigrationsHistory] ([MigrationId], [ProductVersion])
VALUES (N'20231029224349_AddDB', N'7.0.9');"
2023-10-30T05:49:05.6582712+07:00 [INF] (Microsoft.EntityFrameworkCore.Database.Command) Executed DbCommand ("51"ms) [Parameters=[""], CommandType='Text', CommandTimeout='1200']"
""SELECT 1"
2023-10-30T05:49:05.9081436+07:00 [INF] (Microsoft.EntityFrameworkCore.Database.Command) Executed DbCommand ("160"ms) [Parameters=[""], CommandType='Text', CommandTimeout='1200']"
""SELECT OBJECT_ID(N'[__EFMigrationsHistory]');"
2023-10-30T05:49:05.9175396+07:00 [INF] (Microsoft.EntityFrameworkCore.Database.Command) Executed DbCommand ("1"ms) [Parameters=[""], CommandType='Text', CommandTimeout='1200']"
""SELECT 1"
2023-10-30T05:49:05.9255449+07:00 [INF] (Microsoft.EntityFrameworkCore.Database.Command) Executed DbCommand ("1"ms) [Parameters=[""], CommandType='Text', CommandTimeout='1200']"
""SELECT OBJECT_ID(N'[__EFMigrationsHistory]');"
2023-10-30T05:49:06.0087938+07:00 [INF] (Microsoft.EntityFrameworkCore.Database.Command) Executed DbCommand ("47"ms) [Parameters=[""], CommandType='Text', CommandTimeout='1200']"
""SELECT [MigrationId], [ProductVersion]
FROM [__EFMigrationsHistory]
ORDER BY [MigrationId];"
2023-10-30T05:49:06.0444991+07:00 [INF] (Microsoft.EntityFrameworkCore.Migrations) No migrations were applied. The database is already up to date.
2023-10-30T05:49:07.1525421+07:00 [INF] (Microsoft.Hosting.Lifetime) Now listening on: "https://localhost:7267"
2023-10-30T05:49:07.1550843+07:00 [INF] (Microsoft.Hosting.Lifetime) Now listening on: "http://localhost:5140"
2023-10-30T05:49:07.1586393+07:00 [INF] (Microsoft.Hosting.Lifetime) Application started. Press Ctrl+C to shut down.
2023-10-30T05:49:07.1600792+07:00 [INF] (Microsoft.Hosting.Lifetime) Hosting environment: "Development"
2023-10-30T05:49:07.1613046+07:00 [INF] (Microsoft.Hosting.Lifetime) Content root path: "D:\NhaHangTiecCuoi\WeddingRestaurant\WeddingRestaurant.WebApi\"
