2023-12-21T08:19:40.0820783+07:00 [INF] (Microsoft.EntityFrameworkCore.Database.Command) Executed DbCommand ("63"ms) [Parameters=[""], CommandType='Text', CommandTimeout='1200']"
""SELECT 1"
2023-12-21T13:48:20.5529431+07:00 [INF] (Microsoft.EntityFrameworkCore.Database.Command) Executed DbCommand ("53"ms) [Parameters=[""], CommandType='Text', CommandTimeout='1200']"
""SELECT 1"
2023-12-21T13:48:20.7104713+07:00 [INF] (Microsoft.EntityFrameworkCore.Database.Command) Executed DbCommand ("47"ms) [Parameters=[""], CommandType='Text', CommandTimeout='1200']"
""SELECT OBJECT_ID(N'[__EFMigrationsHistory]');"
2023-12-21T13:48:20.7257230+07:00 [INF] (Microsoft.EntityFrameworkCore.Database.Command) Executed DbCommand ("2"ms) [Parameters=[""], CommandType='Text', CommandTimeout='1200']"
""SELECT 1"
2023-12-21T13:48:20.7393536+07:00 [INF] (Microsoft.EntityFrameworkCore.Database.Command) Executed DbCommand ("1"ms) [Parameters=[""], CommandType='Text', CommandTimeout='1200']"
""SELECT OBJECT_ID(N'[__EFMigrationsHistory]');"
2023-12-21T13:48:20.7836312+07:00 [INF] (Microsoft.EntityFrameworkCore.Database.Command) Executed DbCommand ("16"ms) [Parameters=[""], CommandType='Text', CommandTimeout='1200']"
""SELECT [MigrationId], [ProductVersion]
FROM [__EFMigrationsHistory]
ORDER BY [MigrationId];"
2023-12-21T13:48:20.8166488+07:00 [INF] (Microsoft.EntityFrameworkCore.Migrations) No migrations were applied. The database is already up to date.
2023-12-21T13:48:22.4422665+07:00 [INF] (Microsoft.Hosting.Lifetime) Now listening on: "https://localhost:7267"
2023-12-21T13:48:22.4446313+07:00 [INF] (Microsoft.Hosting.Lifetime) Now listening on: "http://localhost:5140"
2023-12-21T13:48:22.4505154+07:00 [INF] (Microsoft.Hosting.Lifetime) Application started. Press Ctrl+C to shut down.
2023-12-21T13:48:22.4528718+07:00 [INF] (Microsoft.Hosting.Lifetime) Hosting environment: "Development"
2023-12-21T13:48:22.4543783+07:00 [INF] (Microsoft.Hosting.Lifetime) Content root path: "D:\NhaHangTiecCuoi\WeddingRestaurant\WeddingRestaurant.WebApi\"
2023-12-21T13:49:27.3013707+07:00 [INF] (Microsoft.EntityFrameworkCore.Database.Command) Executed DbCommand ("693"ms) [Parameters=["@__gmail_0='?' (Size = 4000), @__mk_1='?' (Size = 4000)"], CommandType='Text', CommandTimeout='1200']"
""SELECT TOP(1) [n].[MaNhanVien], [n].[CCCD], [n].[Gmail], [n].[MatKhau], [n].[NgayNghiViec], [n].[NgaySinh], [n].[NgayVaoLam], [n].[SoDienThoai], [n].[TenNhanVien], [n].[TrangThai]
FROM [NhanVien] AS [n]
WHERE [n].[Gmail] = @__gmail_0 AND [n].[MatKhau] = @__mk_1 AND ([n].[TrangThai] IS NULL)"
2023-12-21T13:49:27.3474249+07:00 [INF] (Serilog.AspNetCore.RequestLoggingMiddleware) HTTP "GET" "/api/nhan-vien/nv-login/nguyenA@grandpalace.com-12345" responded 200 in 1786.5504 ms
