2023-12-10T23:55:59.0998451+07:00 [INF] (Microsoft.EntityFrameworkCore.Database.Command) Executed DbCommand ("18"ms) [Parameters=[""], CommandType='Text', CommandTimeout='1200']"
""SELECT 1"
2023-12-10T23:55:59.2022431+07:00 [INF] (Microsoft.EntityFrameworkCore.Database.Command) Executed DbCommand ("43"ms) [Parameters=[""], CommandType='Text', CommandTimeout='1200']"
""SELECT OBJECT_ID(N'[__EFMigrationsHistory]');"
2023-12-10T23:55:59.2055434+07:00 [INF] (Microsoft.EntityFrameworkCore.Database.Command) Executed DbCommand ("1"ms) [Parameters=[""], CommandType='Text', CommandTimeout='1200']"
""SELECT 1"
2023-12-10T23:55:59.2061567+07:00 [INF] (Microsoft.EntityFrameworkCore.Database.Command) Executed DbCommand ("0"ms) [Parameters=[""], CommandType='Text', CommandTimeout='1200']"
""SELECT OBJECT_ID(N'[__EFMigrationsHistory]');"
2023-12-10T23:55:59.2867059+07:00 [INF] (Microsoft.EntityFrameworkCore.Database.Command) Executed DbCommand ("66"ms) [Parameters=[""], CommandType='Text', CommandTimeout='1200']"
""SELECT [MigrationId], [ProductVersion]
FROM [__EFMigrationsHistory]
ORDER BY [MigrationId];"
2023-12-10T23:55:59.3069091+07:00 [INF] (Microsoft.EntityFrameworkCore.Migrations) Applying migration '"20231210165549_UpdateDBDieuKien"'.
2023-12-10T23:59:51.6814759+07:00 [INF] (Microsoft.EntityFrameworkCore.Database.Command) Executed DbCommand ("232,294"ms) [Parameters=[""], CommandType='Text', CommandTimeout='1200']"
""EXEC sp_rename N'[DichVuUuDai].[DieuKienApDung]', N'DieuKienBanToiThieu', N'COLUMN';"
2023-12-10T23:59:51.6841032+07:00 [INF] (Microsoft.EntityFrameworkCore.Database.Command) Executed DbCommand ("2"ms) [Parameters=[""], CommandType='Text', CommandTimeout='1200']"
""EXEC sp_rename N'[DichVuTinhPhi].[DieuKienApDung]', N'DieuKienBanToiThieu', N'COLUMN';"
2023-12-10T23:59:51.6868300+07:00 [INF] (Microsoft.EntityFrameworkCore.Database.Command) Executed DbCommand ("3"ms) [Parameters=[""], CommandType='Text', CommandTimeout='1200']"
""EXEC sp_rename N'[DichVu].[DieuKienApDung]', N'DieuKienBanToiThieu', N'COLUMN';"
2023-12-10T23:59:51.7118976+07:00 [INF] (Microsoft.EntityFrameworkCore.Database.Command) Executed DbCommand ("25"ms) [Parameters=[""], CommandType='Text', CommandTimeout='1200']"
""DECLARE @var0 sysname;
SELECT @var0 = [d].[name]
FROM [sys].[default_constraints] [d]
INNER JOIN [sys].[columns] [c] ON [d].[parent_column_id] = [c].[column_id] AND [d].[parent_object_id] = [c].[object_id]
WHERE ([d].[parent_object_id] = OBJECT_ID(N'[DichVuUuDai]') AND [c].[name] = N'HinhAnh');
IF @var0 IS NOT NULL EXEC(N'ALTER TABLE [DichVuUuDai] DROP CONSTRAINT [' + @var0 + '];');
ALTER TABLE [DichVuUuDai] ALTER COLUMN [HinhAnh] nvarchar(max) NULL;"
2023-12-10T23:59:51.7227894+07:00 [INF] (Microsoft.EntityFrameworkCore.Database.Command) Executed DbCommand ("11"ms) [Parameters=[""], CommandType='Text', CommandTimeout='1200']"
""ALTER TABLE [DichVuUuDai] ADD [DieuKienBanToiDa] nvarchar(max) NOT NULL DEFAULT N'';"
2023-12-10T23:59:51.7304732+07:00 [INF] (Microsoft.EntityFrameworkCore.Database.Command) Executed DbCommand ("8"ms) [Parameters=[""], CommandType='Text', CommandTimeout='1200']"
""DECLARE @var1 sysname;
SELECT @var1 = [d].[name]
FROM [sys].[default_constraints] [d]
INNER JOIN [sys].[columns] [c] ON [d].[parent_column_id] = [c].[column_id] AND [d].[parent_object_id] = [c].[object_id]
WHERE ([d].[parent_object_id] = OBJECT_ID(N'[DichVuTinhPhi]') AND [c].[name] = N'HinhAnh');
IF @var1 IS NOT NULL EXEC(N'ALTER TABLE [DichVuTinhPhi] DROP CONSTRAINT [' + @var1 + '];');
ALTER TABLE [DichVuTinhPhi] ALTER COLUMN [HinhAnh] nvarchar(max) NULL;"
2023-12-10T23:59:51.7341280+07:00 [INF] (Microsoft.EntityFrameworkCore.Database.Command) Executed DbCommand ("3"ms) [Parameters=[""], CommandType='Text', CommandTimeout='1200']"
""ALTER TABLE [DichVuTinhPhi] ADD [DieuKienBanToiDa] nvarchar(max) NOT NULL DEFAULT N'';"
2023-12-10T23:59:51.7420052+07:00 [INF] (Microsoft.EntityFrameworkCore.Database.Command) Executed DbCommand ("8"ms) [Parameters=[""], CommandType='Text', CommandTimeout='1200']"
""DECLARE @var2 sysname;
SELECT @var2 = [d].[name]
FROM [sys].[default_constraints] [d]
INNER JOIN [sys].[columns] [c] ON [d].[parent_column_id] = [c].[column_id] AND [d].[parent_object_id] = [c].[object_id]
WHERE ([d].[parent_object_id] = OBJECT_ID(N'[DichVu]') AND [c].[name] = N'HinhAnh');
IF @var2 IS NOT NULL EXEC(N'ALTER TABLE [DichVu] DROP CONSTRAINT [' + @var2 + '];');
ALTER TABLE [DichVu] ALTER COLUMN [HinhAnh] nvarchar(max) NULL;"
2023-12-10T23:59:51.7463048+07:00 [INF] (Microsoft.EntityFrameworkCore.Database.Command) Executed DbCommand ("4"ms) [Parameters=[""], CommandType='Text', CommandTimeout='1200']"
""ALTER TABLE [DichVu] ADD [DieuKienBanToiDa] nvarchar(max) NOT NULL DEFAULT N'';"
2023-12-10T23:59:51.7500851+07:00 [INF] (Microsoft.EntityFrameworkCore.Database.Command) Executed DbCommand ("4"ms) [Parameters=[""], CommandType='Text', CommandTimeout='1200']"
""INSERT INTO [__EFMigrationsHistory] ([MigrationId], [ProductVersion])
VALUES (N'20231210165549_UpdateDBDieuKien', N'7.0.9');"
