2023-11-29T01:56:22.4067395+07:00 [INF] (Microsoft.EntityFrameworkCore.Database.Command) Executed DbCommand ("96"ms) [Parameters=[""], CommandType='Text', CommandTimeout='1200']"
""SELECT 1"
2023-11-29T01:56:22.6552799+07:00 [INF] (Microsoft.EntityFrameworkCore.Database.Command) Executed DbCommand ("106"ms) [Parameters=[""], CommandType='Text', CommandTimeout='1200']"
""SELECT OBJECT_ID(N'[__EFMigrationsHistory]');"
2023-11-29T01:56:22.6684806+07:00 [INF] (Microsoft.EntityFrameworkCore.Database.Command) Executed DbCommand ("1"ms) [Parameters=[""], CommandType='Text', CommandTimeout='1200']"
""SELECT 1"
2023-11-29T01:56:22.6729553+07:00 [INF] (Microsoft.EntityFrameworkCore.Database.Command) Executed DbCommand ("1"ms) [Parameters=[""], CommandType='Text', CommandTimeout='1200']"
""SELECT OBJECT_ID(N'[__EFMigrationsHistory]');"
2023-11-29T01:56:22.7359787+07:00 [INF] (Microsoft.EntityFrameworkCore.Database.Command) Executed DbCommand ("8"ms) [Parameters=[""], CommandType='Text', CommandTimeout='1200']"
""SELECT [MigrationId], [ProductVersion]
FROM [__EFMigrationsHistory]
ORDER BY [MigrationId];"
2023-11-29T01:56:22.8127689+07:00 [INF] (Microsoft.EntityFrameworkCore.Migrations) No migrations were applied. The database is already up to date.
2023-11-29T01:56:24.3733331+07:00 [INF] (Microsoft.Hosting.Lifetime) Now listening on: "https://localhost:7267"
2023-11-29T01:56:24.3749421+07:00 [INF] (Microsoft.Hosting.Lifetime) Now listening on: "http://localhost:5140"
2023-11-29T01:56:24.3836937+07:00 [INF] (Microsoft.Hosting.Lifetime) Application started. Press Ctrl+C to shut down.
2023-11-29T01:56:24.3855581+07:00 [INF] (Microsoft.Hosting.Lifetime) Hosting environment: "Development"
2023-11-29T01:56:24.3868762+07:00 [INF] (Microsoft.Hosting.Lifetime) Content root path: "D:\NhaHangTiecCuoi\WeddingRestaurant\WeddingRestaurant.WebApi\"
2023-11-29T02:54:44.7367496+07:00 [INF] (Microsoft.EntityFrameworkCore.Database.Command) Executed DbCommand ("4,676"ms) [Parameters=[""], CommandType='Text', CommandTimeout='1200']"
""SELECT [m].[MaMonAn], [m].[DVT], [m].[DonGia], [m].[HinhAnh], [m].[MaLoaiMonAn], [m].[TenMonAn], [m].[TrangThai]
FROM [MonAn] AS [m]
WHERE [m].[TrangThai] IS NULL"
2023-11-29T02:54:44.8842458+07:00 [INF] (Serilog.AspNetCore.RequestLoggingMiddleware) HTTP "GET" "/api/mon-an/get-all" responded 200 in 7198.4629 ms
2023-11-29T03:07:57.0369254+07:00 [INF] (Microsoft.EntityFrameworkCore.Database.Command) Executed DbCommand ("8"ms) [Parameters=[""], CommandType='Text', CommandTimeout='1200']"
""SELECT [m].[MaMonAn], [m].[DVT], [m].[DonGia], [m].[HinhAnh], [m].[MaLoaiMonAn], [m].[TenMonAn], [m].[TrangThai]
FROM [MonAn] AS [m]
WHERE [m].[TrangThai] IS NULL"
2023-11-29T03:07:57.0427759+07:00 [INF] (Serilog.AspNetCore.RequestLoggingMiddleware) HTTP "GET" "/api/mon-an/get-all" responded 200 in 139.7552 ms
2023-11-29T03:13:35.8315501+07:00 [INF] (Microsoft.EntityFrameworkCore.Database.Command) Executed DbCommand ("5"ms) [Parameters=[""], CommandType='Text', CommandTimeout='1200']"
""SELECT [m].[MaMonAn], [m].[DVT], [m].[DonGia], [m].[HinhAnh], [m].[MaLoaiMonAn], [m].[TenMonAn], [m].[TrangThai]
FROM [MonAn] AS [m]
WHERE [m].[TrangThai] IS NULL"
2023-11-29T03:13:35.8376708+07:00 [INF] (Serilog.AspNetCore.RequestLoggingMiddleware) HTTP "GET" "/api/mon-an/get-all" responded 200 in 26.2066 ms
2023-11-29T03:14:03.4098390+07:00 [INF] (Microsoft.EntityFrameworkCore.Database.Command) Executed DbCommand ("1"ms) [Parameters=[""], CommandType='Text', CommandTimeout='1200']"
""SELECT [m].[MaMonAn], [m].[DVT], [m].[DonGia], [m].[HinhAnh], [m].[MaLoaiMonAn], [m].[TenMonAn], [m].[TrangThai]
FROM [MonAn] AS [m]
WHERE [m].[TrangThai] IS NULL"
2023-11-29T03:14:03.4234081+07:00 [INF] (Serilog.AspNetCore.RequestLoggingMiddleware) HTTP "GET" "/api/mon-an/get-all" responded 200 in 16.7201 ms
2023-11-29T03:14:28.7023696+07:00 [INF] (Microsoft.EntityFrameworkCore.Database.Command) Executed DbCommand ("1"ms) [Parameters=[""], CommandType='Text', CommandTimeout='1200']"
""SELECT [m].[MaMonAn], [m].[DVT], [m].[DonGia], [m].[HinhAnh], [m].[MaLoaiMonAn], [m].[TenMonAn], [m].[TrangThai]
FROM [MonAn] AS [m]
WHERE [m].[TrangThai] IS NULL"
2023-11-29T03:14:28.7123758+07:00 [INF] (Serilog.AspNetCore.RequestLoggingMiddleware) HTTP "GET" "/api/mon-an/get-all" responded 200 in 12.3835 ms
2023-11-29T03:16:55.4470058+07:00 [INF] (Microsoft.EntityFrameworkCore.Database.Command) Executed DbCommand ("98"ms) [Parameters=[""], CommandType='Text', CommandTimeout='1200']"
""SELECT 1"
2023-11-29T03:16:55.6171327+07:00 [INF] (Microsoft.EntityFrameworkCore.Database.Command) Executed DbCommand ("58"ms) [Parameters=[""], CommandType='Text', CommandTimeout='1200']"
""SELECT OBJECT_ID(N'[__EFMigrationsHistory]');"
2023-11-29T03:16:55.6251252+07:00 [INF] (Microsoft.EntityFrameworkCore.Database.Command) Executed DbCommand ("1"ms) [Parameters=[""], CommandType='Text', CommandTimeout='1200']"
""SELECT 1"
2023-11-29T03:16:55.6290500+07:00 [INF] (Microsoft.EntityFrameworkCore.Database.Command) Executed DbCommand ("1"ms) [Parameters=[""], CommandType='Text', CommandTimeout='1200']"
""SELECT OBJECT_ID(N'[__EFMigrationsHistory]');"
2023-11-29T03:16:55.7177449+07:00 [INF] (Microsoft.EntityFrameworkCore.Database.Command) Executed DbCommand ("47"ms) [Parameters=[""], CommandType='Text', CommandTimeout='1200']"
""SELECT [MigrationId], [ProductVersion]
FROM [__EFMigrationsHistory]
ORDER BY [MigrationId];"
2023-11-29T03:16:55.7552296+07:00 [INF] (Microsoft.EntityFrameworkCore.Migrations) No migrations were applied. The database is already up to date.
2023-11-29T03:16:56.2068253+07:00 [INF] (Microsoft.Hosting.Lifetime) Now listening on: "https://localhost:7267"
2023-11-29T03:16:56.2092498+07:00 [INF] (Microsoft.Hosting.Lifetime) Now listening on: "http://localhost:5140"
2023-11-29T03:16:56.2137347+07:00 [INF] (Microsoft.Hosting.Lifetime) Application started. Press Ctrl+C to shut down.
2023-11-29T03:16:56.2157500+07:00 [INF] (Microsoft.Hosting.Lifetime) Hosting environment: "Development"
2023-11-29T03:16:56.2168327+07:00 [INF] (Microsoft.Hosting.Lifetime) Content root path: "D:\NhaHangTiecCuoi\WeddingRestaurant\WeddingRestaurant.WebApi\"
2023-11-29T03:17:08.5087923+07:00 [INF] (Microsoft.EntityFrameworkCore.Database.Command) Executed DbCommand ("56"ms) [Parameters=[""], CommandType='Text', CommandTimeout='1200']"
""SELECT [m].[MaMonAn], [m].[DVT], [m].[DonGia], [m].[HinhAnh], [m].[MaLoaiMonAn], [m].[TenMonAn], [m].[TrangThai]
FROM [MonAn] AS [m]
WHERE [m].[TrangThai] IS NULL"
2023-11-29T03:17:08.5652287+07:00 [INF] (Serilog.AspNetCore.RequestLoggingMiddleware) HTTP "GET" "/api/mon-an/get-all" responded 200 in 916.4540 ms
2023-11-29T03:18:35.6040088+07:00 [INF] (Microsoft.EntityFrameworkCore.Database.Command) Executed DbCommand ("134"ms) [Parameters=["@__model_MaMonAn_0='?' (Size = 450)"], CommandType='Text', CommandTimeout='1200']"
""SELECT CASE
    WHEN EXISTS (
        SELECT 1
        FROM [MonAn] AS [m]
        WHERE [m].[MaMonAn] = @__model_MaMonAn_0 AND ([m].[TrangThai] IS NULL)) THEN CAST(1 AS bit)
    ELSE CAST(0 AS bit)
END"
2023-11-29T03:18:35.9030873+07:00 [INF] (Microsoft.EntityFrameworkCore.Database.Command) Executed DbCommand ("56"ms) [Parameters=["@p0='?' (Size = 450), @p1='?' (Size = 4000), @p2='?' (DbType = Double), @p3='?' (Size = 4000), @p4='?' (Size = 450), @p5='?' (Size = 4000), @p6='?' (Size = 4000)"], CommandType='Text', CommandTimeout='1200']"
""SET IMPLICIT_TRANSACTIONS OFF;
SET NOCOUNT ON;
INSERT INTO [MonAn] ([MaMonAn], [DVT], [DonGia], [HinhAnh], [MaLoaiMonAn], [TenMonAn], [TrangThai])
VALUES (@p0, @p1, @p2, @p3, @p4, @p5, @p6);"
2023-11-29T03:18:35.9204224+07:00 [INF] (Serilog.AspNetCore.RequestLoggingMiddleware) HTTP "POST" "/api/mon-an/add" responded 200 in 995.0731 ms
2023-11-29T03:18:50.3701365+07:00 [INF] (Microsoft.EntityFrameworkCore.Database.Command) Executed DbCommand ("1"ms) [Parameters=[""], CommandType='Text', CommandTimeout='1200']"
""SELECT [m].[MaMonAn], [m].[DVT], [m].[DonGia], [m].[HinhAnh], [m].[MaLoaiMonAn], [m].[TenMonAn], [m].[TrangThai]
FROM [MonAn] AS [m]
WHERE [m].[TrangThai] IS NULL"
2023-11-29T03:18:50.3825198+07:00 [INF] (Serilog.AspNetCore.RequestLoggingMiddleware) HTTP "GET" "/api/mon-an/get-all" responded 200 in 19.8103 ms
2023-11-29T03:19:23.1504805+07:00 [INF] (Microsoft.EntityFrameworkCore.Database.Command) Executed DbCommand ("375"ms) [Parameters=[""], CommandType='Text', CommandTimeout='1200']"
""SELECT [l].[MaLoaiMonAn], [l].[TenLoaiMon], [l].[TrangThai]
FROM [LoaiMonAn] AS [l]
WHERE [l].[TrangThai] IS NULL"
2023-11-29T03:19:23.1570989+07:00 [INF] (Serilog.AspNetCore.RequestLoggingMiddleware) HTTP "GET" "/api/loai-mon-an/get-all" responded 200 in 386.8192 ms
2023-11-29T03:19:54.7287664+07:00 [INF] (Microsoft.EntityFrameworkCore.Database.Command) Executed DbCommand ("1"ms) [Parameters=[""], CommandType='Text', CommandTimeout='1200']"
""SELECT [m].[MaMonAn], [m].[DVT], [m].[DonGia], [m].[HinhAnh], [m].[MaLoaiMonAn], [m].[TenMonAn], [m].[TrangThai]
FROM [MonAn] AS [m]
WHERE [m].[TrangThai] IS NULL"
2023-11-29T03:19:54.7377908+07:00 [INF] (Serilog.AspNetCore.RequestLoggingMiddleware) HTTP "GET" "/api/mon-an/get-all" responded 200 in 11.4844 ms
2023-11-29T03:21:03.2775481+07:00 [INF] (Microsoft.EntityFrameworkCore.Database.Command) Executed DbCommand ("1"ms) [Parameters=[""], CommandType='Text', CommandTimeout='1200']"
""SELECT [m].[MaMonAn], [m].[DVT], [m].[DonGia], [m].[HinhAnh], [m].[MaLoaiMonAn], [m].[TenMonAn], [m].[TrangThai]
FROM [MonAn] AS [m]
WHERE [m].[TrangThai] IS NULL"
2023-11-29T03:21:03.2808918+07:00 [INF] (Serilog.AspNetCore.RequestLoggingMiddleware) HTTP "GET" "/api/mon-an/get-all" responded 200 in 5.5167 ms
2023-11-29T03:23:23.9787272+07:00 [INF] (Microsoft.EntityFrameworkCore.Database.Command) Executed DbCommand ("1"ms) [Parameters=[""], CommandType='Text', CommandTimeout='1200']"
""SELECT [m].[MaMonAn], [m].[DVT], [m].[DonGia], [m].[HinhAnh], [m].[MaLoaiMonAn], [m].[TenMonAn], [m].[TrangThai]
FROM [MonAn] AS [m]
WHERE [m].[TrangThai] IS NULL"
2023-11-29T03:23:23.9814060+07:00 [INF] (Serilog.AspNetCore.RequestLoggingMiddleware) HTTP "GET" "/api/mon-an/get-all" responded 200 in 4.8824 ms
2023-11-29T03:29:56.6239137+07:00 [INF] (Microsoft.EntityFrameworkCore.Database.Command) Executed DbCommand ("2"ms) [Parameters=[""], CommandType='Text', CommandTimeout='1200']"
""SELECT [m].[MaMonAn], [m].[DVT], [m].[DonGia], [m].[HinhAnh], [m].[MaLoaiMonAn], [m].[TenMonAn], [m].[TrangThai]
FROM [MonAn] AS [m]
WHERE [m].[TrangThai] IS NULL"
2023-11-29T03:29:56.6284183+07:00 [INF] (Serilog.AspNetCore.RequestLoggingMiddleware) HTTP "GET" "/api/mon-an/get-all" responded 200 in 41.5527 ms
2023-11-29T03:31:04.3012343+07:00 [INF] (Microsoft.EntityFrameworkCore.Database.Command) Executed DbCommand ("56"ms) [Parameters=[""], CommandType='Text', CommandTimeout='1200']"
""SELECT 1"
2023-11-29T03:31:04.4710610+07:00 [INF] (Microsoft.EntityFrameworkCore.Database.Command) Executed DbCommand ("65"ms) [Parameters=[""], CommandType='Text', CommandTimeout='1200']"
""SELECT OBJECT_ID(N'[__EFMigrationsHistory]');"
2023-11-29T03:31:04.4785264+07:00 [INF] (Microsoft.EntityFrameworkCore.Database.Command) Executed DbCommand ("1"ms) [Parameters=[""], CommandType='Text', CommandTimeout='1200']"
""SELECT 1"
2023-11-29T03:31:04.4880916+07:00 [INF] (Microsoft.EntityFrameworkCore.Database.Command) Executed DbCommand ("1"ms) [Parameters=[""], CommandType='Text', CommandTimeout='1200']"
""SELECT OBJECT_ID(N'[__EFMigrationsHistory]');"
2023-11-29T03:31:04.5445950+07:00 [INF] (Microsoft.EntityFrameworkCore.Database.Command) Executed DbCommand ("16"ms) [Parameters=[""], CommandType='Text', CommandTimeout='1200']"
""SELECT [MigrationId], [ProductVersion]
FROM [__EFMigrationsHistory]
ORDER BY [MigrationId];"
2023-11-29T03:31:04.5991091+07:00 [INF] (Microsoft.EntityFrameworkCore.Migrations) No migrations were applied. The database is already up to date.
2023-11-29T03:31:05.2361601+07:00 [INF] (Microsoft.Hosting.Lifetime) Now listening on: "https://localhost:7267"
2023-11-29T03:31:05.2370763+07:00 [INF] (Microsoft.Hosting.Lifetime) Now listening on: "http://localhost:5140"
2023-11-29T03:31:05.2412358+07:00 [INF] (Microsoft.Hosting.Lifetime) Application started. Press Ctrl+C to shut down.
2023-11-29T03:31:05.2423717+07:00 [INF] (Microsoft.Hosting.Lifetime) Hosting environment: "Development"
2023-11-29T03:31:05.2433251+07:00 [INF] (Microsoft.Hosting.Lifetime) Content root path: "D:\NhaHangTiecCuoi\WeddingRestaurant\WeddingRestaurant.WebApi\"
