2023-12-11T00:27:54.6892418+07:00 [INF] (Microsoft.EntityFrameworkCore.Database.Command) Executed DbCommand ("15"ms) [Parameters=[""], CommandType='Text', CommandTimeout='1200']"
""SELECT 1"
2023-12-11T00:27:54.7473269+07:00 [INF] (Microsoft.EntityFrameworkCore.Database.Command) Executed DbCommand ("15"ms) [Parameters=[""], CommandType='Text', CommandTimeout='1200']"
""SELECT OBJECT_ID(N'[__EFMigrationsHistory]');"
2023-12-11T00:27:54.7502206+07:00 [INF] (Microsoft.EntityFrameworkCore.Database.Command) Executed DbCommand ("1"ms) [Parameters=[""], CommandType='Text', CommandTimeout='1200']"
""SELECT 1"
2023-12-11T00:27:54.7506696+07:00 [INF] (Microsoft.EntityFrameworkCore.Database.Command) Executed DbCommand ("0"ms) [Parameters=[""], CommandType='Text', CommandTimeout='1200']"
""SELECT OBJECT_ID(N'[__EFMigrationsHistory]');"
2023-12-11T00:27:54.7654591+07:00 [INF] (Microsoft.EntityFrameworkCore.Database.Command) Executed DbCommand ("2"ms) [Parameters=[""], CommandType='Text', CommandTimeout='1200']"
""SELECT [MigrationId], [ProductVersion]
FROM [__EFMigrationsHistory]
ORDER BY [MigrationId];"
2023-12-11T00:27:54.7817666+07:00 [INF] (Microsoft.EntityFrameworkCore.Migrations) Applying migration '"20231210172742_UpdateDBDieuKienKDL"'.
2023-12-11T00:27:55.1063229+07:00 [ERR] (Microsoft.EntityFrameworkCore.Database.Command) Failed executing DbCommand ("245"ms) [Parameters=[""], CommandType='Text', CommandTimeout='1200']"
""DECLARE @var0 sysname;
SELECT @var0 = [d].[name]
FROM [sys].[default_constraints] [d]
INNER JOIN [sys].[columns] [c] ON [d].[parent_column_id] = [c].[column_id] AND [d].[parent_object_id] = [c].[object_id]
WHERE ([d].[parent_object_id] = OBJECT_ID(N'[DichVuUuDai]') AND [c].[name] = N'DieuKienBanToiThieu');
IF @var0 IS NOT NULL EXEC(N'ALTER TABLE [DichVuUuDai] DROP CONSTRAINT [' + @var0 + '];');
ALTER TABLE [DichVuUuDai] ALTER COLUMN [DieuKienBanToiThieu] int NOT NULL;"
2023-12-11T00:32:15.0867624+07:00 [INF] (Microsoft.EntityFrameworkCore.Database.Command) Executed DbCommand ("14"ms) [Parameters=[""], CommandType='Text', CommandTimeout='1200']"
""SELECT 1"
2023-12-11T00:32:15.1384135+07:00 [INF] (Microsoft.EntityFrameworkCore.Database.Command) Executed DbCommand ("14"ms) [Parameters=[""], CommandType='Text', CommandTimeout='1200']"
""SELECT OBJECT_ID(N'[__EFMigrationsHistory]');"
2023-12-11T00:32:15.1418688+07:00 [INF] (Microsoft.EntityFrameworkCore.Database.Command) Executed DbCommand ("1"ms) [Parameters=[""], CommandType='Text', CommandTimeout='1200']"
""SELECT 1"
2023-12-11T00:32:15.1423130+07:00 [INF] (Microsoft.EntityFrameworkCore.Database.Command) Executed DbCommand ("0"ms) [Parameters=[""], CommandType='Text', CommandTimeout='1200']"
""SELECT OBJECT_ID(N'[__EFMigrationsHistory]');"
2023-12-11T00:32:15.1554253+07:00 [INF] (Microsoft.EntityFrameworkCore.Database.Command) Executed DbCommand ("2"ms) [Parameters=[""], CommandType='Text', CommandTimeout='1200']"
""SELECT [MigrationId], [ProductVersion]
FROM [__EFMigrationsHistory]
ORDER BY [MigrationId];"
2023-12-11T00:32:15.1694207+07:00 [INF] (Microsoft.EntityFrameworkCore.Migrations) Applying migration '"20231210172742_UpdateDBDieuKienKDL"'.
2023-12-11T00:32:15.2731335+07:00 [INF] (Microsoft.EntityFrameworkCore.Database.Command) Executed DbCommand ("30"ms) [Parameters=[""], CommandType='Text', CommandTimeout='1200']"
""DECLARE @var0 sysname;
SELECT @var0 = [d].[name]
FROM [sys].[default_constraints] [d]
INNER JOIN [sys].[columns] [c] ON [d].[parent_column_id] = [c].[column_id] AND [d].[parent_object_id] = [c].[object_id]
WHERE ([d].[parent_object_id] = OBJECT_ID(N'[DichVuUuDai]') AND [c].[name] = N'DieuKienBanToiThieu');
IF @var0 IS NOT NULL EXEC(N'ALTER TABLE [DichVuUuDai] DROP CONSTRAINT [' + @var0 + '];');
ALTER TABLE [DichVuUuDai] ALTER COLUMN [DieuKienBanToiThieu] int NOT NULL;"
2023-12-11T00:32:15.2878202+07:00 [INF] (Microsoft.EntityFrameworkCore.Database.Command) Executed DbCommand ("14"ms) [Parameters=[""], CommandType='Text', CommandTimeout='1200']"
""DECLARE @var1 sysname;
SELECT @var1 = [d].[name]
FROM [sys].[default_constraints] [d]
INNER JOIN [sys].[columns] [c] ON [d].[parent_column_id] = [c].[column_id] AND [d].[parent_object_id] = [c].[object_id]
WHERE ([d].[parent_object_id] = OBJECT_ID(N'[DichVuUuDai]') AND [c].[name] = N'DieuKienBanToiDa');
IF @var1 IS NOT NULL EXEC(N'ALTER TABLE [DichVuUuDai] DROP CONSTRAINT [' + @var1 + '];');
ALTER TABLE [DichVuUuDai] ALTER COLUMN [DieuKienBanToiDa] int NOT NULL;"
2023-12-11T00:32:15.3005423+07:00 [INF] (Microsoft.EntityFrameworkCore.Database.Command) Executed DbCommand ("12"ms) [Parameters=[""], CommandType='Text', CommandTimeout='1200']"
""DECLARE @var2 sysname;
SELECT @var2 = [d].[name]
FROM [sys].[default_constraints] [d]
INNER JOIN [sys].[columns] [c] ON [d].[parent_column_id] = [c].[column_id] AND [d].[parent_object_id] = [c].[object_id]
WHERE ([d].[parent_object_id] = OBJECT_ID(N'[DichVuTinhPhi]') AND [c].[name] = N'DieuKienBanToiThieu');
IF @var2 IS NOT NULL EXEC(N'ALTER TABLE [DichVuTinhPhi] DROP CONSTRAINT [' + @var2 + '];');
ALTER TABLE [DichVuTinhPhi] ALTER COLUMN [DieuKienBanToiThieu] int NOT NULL;"
2023-12-11T00:32:15.3130748+07:00 [INF] (Microsoft.EntityFrameworkCore.Database.Command) Executed DbCommand ("12"ms) [Parameters=[""], CommandType='Text', CommandTimeout='1200']"
""DECLARE @var3 sysname;
SELECT @var3 = [d].[name]
FROM [sys].[default_constraints] [d]
INNER JOIN [sys].[columns] [c] ON [d].[parent_column_id] = [c].[column_id] AND [d].[parent_object_id] = [c].[object_id]
WHERE ([d].[parent_object_id] = OBJECT_ID(N'[DichVuTinhPhi]') AND [c].[name] = N'DieuKienBanToiDa');
IF @var3 IS NOT NULL EXEC(N'ALTER TABLE [DichVuTinhPhi] DROP CONSTRAINT [' + @var3 + '];');
ALTER TABLE [DichVuTinhPhi] ALTER COLUMN [DieuKienBanToiDa] int NOT NULL;"
2023-12-11T00:32:15.3260086+07:00 [INF] (Microsoft.EntityFrameworkCore.Database.Command) Executed DbCommand ("13"ms) [Parameters=[""], CommandType='Text', CommandTimeout='1200']"
""DECLARE @var4 sysname;
SELECT @var4 = [d].[name]
FROM [sys].[default_constraints] [d]
INNER JOIN [sys].[columns] [c] ON [d].[parent_column_id] = [c].[column_id] AND [d].[parent_object_id] = [c].[object_id]
WHERE ([d].[parent_object_id] = OBJECT_ID(N'[DichVu]') AND [c].[name] = N'DieuKienBanToiThieu');
IF @var4 IS NOT NULL EXEC(N'ALTER TABLE [DichVu] DROP CONSTRAINT [' + @var4 + '];');
ALTER TABLE [DichVu] ALTER COLUMN [DieuKienBanToiThieu] int NOT NULL;"
2023-12-11T00:32:15.3367801+07:00 [INF] (Microsoft.EntityFrameworkCore.Database.Command) Executed DbCommand ("11"ms) [Parameters=[""], CommandType='Text', CommandTimeout='1200']"
""DECLARE @var5 sysname;
SELECT @var5 = [d].[name]
FROM [sys].[default_constraints] [d]
INNER JOIN [sys].[columns] [c] ON [d].[parent_column_id] = [c].[column_id] AND [d].[parent_object_id] = [c].[object_id]
WHERE ([d].[parent_object_id] = OBJECT_ID(N'[DichVu]') AND [c].[name] = N'DieuKienBanToiDa');
IF @var5 IS NOT NULL EXEC(N'ALTER TABLE [DichVu] DROP CONSTRAINT [' + @var5 + '];');
ALTER TABLE [DichVu] ALTER COLUMN [DieuKienBanToiDa] int NOT NULL;"
2023-12-11T00:32:15.3379561+07:00 [INF] (Microsoft.EntityFrameworkCore.Database.Command) Executed DbCommand ("1"ms) [Parameters=[""], CommandType='Text', CommandTimeout='1200']"
""INSERT INTO [__EFMigrationsHistory] ([MigrationId], [ProductVersion])
VALUES (N'20231210172742_UpdateDBDieuKienKDL', N'7.0.9');"
